2025-03-22 14:46:22.398  INFO 27792 --- [main] (system) org.startear.ares.AresApplication        : Starting AresApplication using Java 21.0.3 with PID 27792 (D:\学习\javaproject\Ares\Ares-system\target\classes started by asada in D:\学习\javaproject\Ares)
2025-03-22 14:46:22.402  INFO 27792 --- [main] (system) org.startear.ares.AresApplication        : The following 1 profile is active: "dev"
2025-03-22 14:46:23.668  INFO 27792 --- [main] (system) .s.d.r.c.RepositoryConfigurationDelegate : Multiple Spring Data modules found, entering strict repository configuration mode
2025-03-22 14:46:23.673  INFO 27792 --- [main] (system) .s.d.r.c.RepositoryConfigurationDelegate : Bootstrapping Spring Data Redis repositories in DEFAULT mode.
2025-03-22 14:46:23.713  INFO 27792 --- [main] (system) .s.d.r.c.RepositoryConfigurationDelegate : Finished Spring Data repository scanning in 15 ms. Found 0 Redis repository interfaces.
2025-03-22 14:46:24.608  INFO 27792 --- [main] (system) o.s.b.w.embedded.tomcat.TomcatWebServer  : Tomcat initialized with port(s): 8080 (http)
2025-03-22 14:46:24.622  INFO 27792 --- [main] (system) o.apache.catalina.core.StandardService   : Starting service [Tomcat]
2025-03-22 14:46:24.622  INFO 27792 --- [main] (system) o.apache.catalina.core.StandardEngine    : Starting Servlet engine: [Apache Tomcat/10.1.11]
2025-03-22 14:46:24.772  INFO 27792 --- [main] (system) o.a.c.c.C.[Tomcat].[localhost].[/]       : Initializing Spring embedded WebApplicationContext
2025-03-22 14:46:24.772  INFO 27792 --- [main] (system) w.s.c.ServletWebServerApplicationContext : Root WebApplicationContext: initialization completed in 2309 ms
2025-03-22 14:46:26.369  INFO 27792 --- [main] (system) o.s.s.web.DefaultSecurityFilterChain     : Will secure any request with [org.springframework.security.web.session.DisableEncodeUrlFilter@31a024ea, org.springframework.security.web.context.request.async.WebAsyncManagerIntegrationFilter@362c48c, org.springframework.security.web.context.SecurityContextHolderFilter@b87ea8b, org.springframework.security.web.header.HeaderWriterFilter@126f2eb8, org.springframework.security.web.authentication.logout.LogoutFilter@5535e9, org.startear.ares.filter.JwtAuthenticationFilter@3feebf9c, org.startear.ares.filter.RequestLogFilter@6728370a, org.springframework.security.web.authentication.UsernamePasswordAuthenticationFilter@1ce57bbb, org.springframework.security.web.savedrequest.RequestCacheAwareFilter@594c66c3, org.springframework.security.web.servletapi.SecurityContextHolderAwareRequestFilter@5606d537, org.springframework.security.web.authentication.AnonymousAuthenticationFilter@62aee901, org.springframework.security.web.session.SessionManagementFilter@1f1574c, org.springframework.security.web.access.ExceptionTranslationFilter@27682fa9, org.springframework.security.web.access.intercept.AuthorizationFilter@476a970c]
2025-03-22 14:46:26.816  WARN 27792 --- [main] (system) ocalVariableTableParameterNameDiscoverer : Using deprecated '-debug' fallback for parameter name resolution. Compile the affected code with '-parameters' instead or avoid its introspection: org.springframework.amqp.rabbit.core.RabbitAdmin
2025-03-22 14:46:26.883  INFO 27792 --- [main] (system) o.s.b.w.embedded.tomcat.TomcatWebServer  : Tomcat started on port(s): 8080 (http) with context path ''
2025-03-22 14:46:26.886  INFO 27792 --- [main] (system) o.s.a.r.c.CachingConnectionFactory       : Attempting to connect to: [localhost:5672]
2025-03-22 14:46:27.045  WARN 27792 --- [AMQP Connection 127.0.0.1:5672] (system) c.r.c.impl.ForgivingExceptionHandler     : An unexpected connection driver error occurred (Exception message: Socket closed)
2025-03-22 14:46:27.072  WARN 27792 --- [AMQP Connection 0:0:0:0:0:0:0:1:5672] (system) c.r.c.impl.ForgivingExceptionHandler     : An unexpected connection driver error occurred (Exception message: Socket closed)
2025-03-22 14:46:27.073  INFO 27792 --- [main] (system) o.s.a.r.l.SimpleMessageListenerContainer : Broker not available; cannot force queue declarations during start: com.rabbitmq.client.AuthenticationFailureException: ACCESS_REFUSED - Login was refused using authentication mechanism PLAIN. For details see the broker logfile.
2025-03-22 14:46:27.082  INFO 27792 --- [org.springframework.amqp.rabbit.RabbitListenerEndpointContainer#0-1] (system) o.s.a.r.c.CachingConnectionFactory       : Attempting to connect to: [localhost:5672]
2025-03-22 14:46:27.089  WARN 27792 --- [AMQP Connection 127.0.0.1:5672] (system) c.r.c.impl.ForgivingExceptionHandler     : An unexpected connection driver error occurred (Exception message: Socket closed)
2025-03-22 14:46:27.098  WARN 27792 --- [AMQP Connection 0:0:0:0:0:0:0:1:5672] (system) c.r.c.impl.ForgivingExceptionHandler     : An unexpected connection driver error occurred (Exception message: Socket closed)
2025-03-22 14:46:27.099 ERROR 27792 --- [org.springframework.amqp.rabbit.RabbitListenerEndpointContainer#0-1] (system) o.s.a.r.l.SimpleMessageListenerContainer : Failed to check/redeclare auto-delete queue(s).

org.springframework.amqp.AmqpAuthenticationException: com.rabbitmq.client.AuthenticationFailureException: ACCESS_REFUSED - Login was refused using authentication mechanism PLAIN. For details see the broker logfile.
	at org.springframework.amqp.rabbit.support.RabbitExceptionTranslator.convertRabbitAccessException(RabbitExceptionTranslator.java:64)
	at org.springframework.amqp.rabbit.connection.AbstractConnectionFactory.createBareConnection(AbstractConnectionFactory.java:594)
	at org.springframework.amqp.rabbit.connection.CachingConnectionFactory.createConnection(CachingConnectionFactory.java:687)
	at org.springframework.amqp.rabbit.connection.ConnectionFactoryUtils.createConnection(ConnectionFactoryUtils.java:257)
	at org.springframework.amqp.rabbit.core.RabbitTemplate.doExecute(RabbitTemplate.java:2225)
	at org.springframework.amqp.rabbit.core.RabbitTemplate.execute(RabbitTemplate.java:2198)
	at org.springframework.amqp.rabbit.core.RabbitTemplate.execute(RabbitTemplate.java:2178)
	at org.springframework.amqp.rabbit.core.RabbitAdmin.getQueueInfo(RabbitAdmin.java:459)
	at org.springframework.amqp.rabbit.core.RabbitAdmin.getQueueProperties(RabbitAdmin.java:443)
	at org.springframework.amqp.rabbit.listener.AbstractMessageListenerContainer.attemptDeclarations(AbstractMessageListenerContainer.java:1935)
	at org.springframework.amqp.rabbit.listener.AbstractMessageListenerContainer.redeclareElementsIfNecessary(AbstractMessageListenerContainer.java:1902)
	at org.springframework.amqp.rabbit.listener.SimpleMessageListenerContainer$AsyncMessageProcessingConsumer.initialize(SimpleMessageListenerContainer.java:1381)
	at org.springframework.amqp.rabbit.listener.SimpleMessageListenerContainer$AsyncMessageProcessingConsumer.run(SimpleMessageListenerContainer.java:1223)
	at java.base/java.lang.Thread.run(Thread.java:1583)
Caused by: com.rabbitmq.client.AuthenticationFailureException: ACCESS_REFUSED - Login was refused using authentication mechanism PLAIN. For details see the broker logfile.
	at com.rabbitmq.client.impl.AMQConnection.start(AMQConnection.java:388)
	at com.rabbitmq.client.ConnectionFactory.newConnection(ConnectionFactory.java:1236)
	at com.rabbitmq.client.ConnectionFactory.newConnection(ConnectionFactory.java:1184)
	at org.springframework.amqp.rabbit.connection.AbstractConnectionFactory.connectAddresses(AbstractConnectionFactory.java:632)
	at org.springframework.amqp.rabbit.connection.AbstractConnectionFactory.connect(AbstractConnectionFactory.java:607)
	at org.springframework.amqp.rabbit.connection.AbstractConnectionFactory.createBareConnection(AbstractConnectionFactory.java:557)
	... 12 common frames omitted

2025-03-22 14:46:27.104  INFO 27792 --- [org.springframework.amqp.rabbit.RabbitListenerEndpointContainer#0-1] (system) o.s.a.r.c.CachingConnectionFactory       : Attempting to connect to: [localhost:5672]
2025-03-22 14:46:27.112  WARN 27792 --- [AMQP Connection 127.0.0.1:5672] (system) c.r.c.impl.ForgivingExceptionHandler     : An unexpected connection driver error occurred (Exception message: Socket closed)
2025-03-22 14:46:27.120  WARN 27792 --- [AMQP Connection 0:0:0:0:0:0:0:1:5672] (system) c.r.c.impl.ForgivingExceptionHandler     : An unexpected connection driver error occurred (Exception message: Socket closed)
2025-03-22 14:46:27.120 ERROR 27792 --- [org.springframework.amqp.rabbit.RabbitListenerEndpointContainer#0-1] (system) o.s.a.r.l.SimpleMessageListenerContainer : Consumer received fatal exception on startup

org.springframework.amqp.rabbit.listener.exception.FatalListenerStartupException: Authentication failure
	at org.springframework.amqp.rabbit.listener.BlockingQueueConsumer.start(BlockingQueueConsumer.java:619)
	at org.springframework.amqp.rabbit.listener.SimpleMessageListenerContainer$AsyncMessageProcessingConsumer.initialize(SimpleMessageListenerContainer.java:1382)
	at org.springframework.amqp.rabbit.listener.SimpleMessageListenerContainer$AsyncMessageProcessingConsumer.run(SimpleMessageListenerContainer.java:1223)
	at java.base/java.lang.Thread.run(Thread.java:1583)
Caused by: org.springframework.amqp.AmqpAuthenticationException: com.rabbitmq.client.AuthenticationFailureException: ACCESS_REFUSED - Login was refused using authentication mechanism PLAIN. For details see the broker logfile.
	at org.springframework.amqp.rabbit.support.RabbitExceptionTranslator.convertRabbitAccessException(RabbitExceptionTranslator.java:64)
	at org.springframework.amqp.rabbit.connection.AbstractConnectionFactory.createBareConnection(AbstractConnectionFactory.java:594)
	at org.springframework.amqp.rabbit.connection.CachingConnectionFactory.createConnection(CachingConnectionFactory.java:687)
	at org.springframework.amqp.rabbit.connection.ConnectionFactoryUtils.createConnection(ConnectionFactoryUtils.java:257)
	at org.springframework.amqp.rabbit.connection.ConnectionFactoryUtils$RabbitResourceFactory.createConnection(ConnectionFactoryUtils.java:345)
	at org.springframework.amqp.rabbit.connection.ConnectionFactoryUtils.doGetTransactionalResourceHolder(ConnectionFactoryUtils.java:140)
	at org.springframework.amqp.rabbit.connection.ConnectionFactoryUtils.getTransactionalResourceHolder(ConnectionFactoryUtils.java:102)
	at org.springframework.amqp.rabbit.connection.ConnectionFactoryUtils.getTransactionalResourceHolder(ConnectionFactoryUtils.java:85)
	at org.springframework.amqp.rabbit.listener.BlockingQueueConsumer.start(BlockingQueueConsumer.java:613)
	... 3 common frames omitted
Caused by: com.rabbitmq.client.AuthenticationFailureException: ACCESS_REFUSED - Login was refused using authentication mechanism PLAIN. For details see the broker logfile.
	at com.rabbitmq.client.impl.AMQConnection.start(AMQConnection.java:388)
	at com.rabbitmq.client.ConnectionFactory.newConnection(ConnectionFactory.java:1236)
	at com.rabbitmq.client.ConnectionFactory.newConnection(ConnectionFactory.java:1184)
	at org.springframework.amqp.rabbit.connection.AbstractConnectionFactory.connectAddresses(AbstractConnectionFactory.java:632)
	at org.springframework.amqp.rabbit.connection.AbstractConnectionFactory.connect(AbstractConnectionFactory.java:607)
	at org.springframework.amqp.rabbit.connection.AbstractConnectionFactory.createBareConnection(AbstractConnectionFactory.java:557)
	... 10 common frames omitted

2025-03-22 14:46:27.121  WARN 27792 --- [main] (system) ConfigServletWebServerApplicationContext : Exception encountered during context initialization - cancelling refresh attempt: org.springframework.context.ApplicationContextException: Failed to start bean 'org.springframework.amqp.rabbit.config.internalRabbitListenerEndpointRegistry'
2025-03-22 14:46:27.123 ERROR 27792 --- [org.springframework.amqp.rabbit.RabbitListenerEndpointContainer#0-1] (system) o.s.a.r.l.SimpleMessageListenerContainer : Stopping container from aborted consumer
2025-03-22 14:46:27.123  INFO 27792 --- [main] (system) o.s.a.r.l.SimpleMessageListenerContainer : Waiting for workers to finish.
2025-03-22 14:46:27.124  INFO 27792 --- [main] (system) o.s.a.r.l.SimpleMessageListenerContainer : Successfully waited for workers to finish.
2025-03-22 14:46:27.160  INFO 27792 --- [main] (system) o.apache.catalina.core.StandardService   : Stopping service [Tomcat]
2025-03-22 14:46:27.175  INFO 27792 --- [main] (system) .s.b.a.l.ConditionEvaluationReportLogger : 

Error starting ApplicationContext. To display the condition evaluation report re-run your application with 'debug' enabled.
2025-03-22 14:46:27.193 ERROR 27792 --- [main] (system) o.s.boot.SpringApplication               : Application run failed

org.springframework.context.ApplicationContextException: Failed to start bean 'org.springframework.amqp.rabbit.config.internalRabbitListenerEndpointRegistry'
	at org.springframework.context.support.DefaultLifecycleProcessor.doStart(DefaultLifecycleProcessor.java:182)
	at org.springframework.context.support.DefaultLifecycleProcessor$LifecycleGroup.start(DefaultLifecycleProcessor.java:357)
	at java.base/java.lang.Iterable.forEach(Iterable.java:75)
	at org.springframework.context.support.DefaultLifecycleProcessor.startBeans(DefaultLifecycleProcessor.java:156)
	at org.springframework.context.support.DefaultLifecycleProcessor.onRefresh(DefaultLifecycleProcessor.java:124)
	at org.springframework.context.support.AbstractApplicationContext.finishRefresh(AbstractApplicationContext.java:958)
	at org.springframework.context.support.AbstractApplicationContext.refresh(AbstractApplicationContext.java:611)
	at org.springframework.boot.web.servlet.context.ServletWebServerApplicationContext.refresh(ServletWebServerApplicationContext.java:146)
	at org.springframework.boot.SpringApplication.refresh(SpringApplication.java:734)
	at org.springframework.boot.SpringApplication.refreshContext(SpringApplication.java:436)
	at org.springframework.boot.SpringApplication.run(SpringApplication.java:312)
	at org.springframework.boot.SpringApplication.run(SpringApplication.java:1306)
	at org.springframework.boot.SpringApplication.run(SpringApplication.java:1295)
	at org.startear.ares.AresApplication.main(AresApplication.java:9)
Caused by: org.springframework.amqp.AmqpIllegalStateException: Fatal exception on listener startup
	at org.springframework.amqp.rabbit.listener.SimpleMessageListenerContainer.waitForConsumersToStart(SimpleMessageListenerContainer.java:604)
	at org.springframework.amqp.rabbit.listener.SimpleMessageListenerContainer.doStart(SimpleMessageListenerContainer.java:564)
	at org.springframework.amqp.rabbit.listener.AbstractMessageListenerContainer.start(AbstractMessageListenerContainer.java:1381)
	at org.springframework.amqp.rabbit.listener.RabbitListenerEndpointRegistry.startIfNecessary(RabbitListenerEndpointRegistry.java:289)
	at org.springframework.amqp.rabbit.listener.RabbitListenerEndpointRegistry.start(RabbitListenerEndpointRegistry.java:239)
	at org.springframework.context.support.DefaultLifecycleProcessor.doStart(DefaultLifecycleProcessor.java:179)
	... 13 common frames omitted
Caused by: org.springframework.amqp.rabbit.listener.exception.FatalListenerStartupException: Authentication failure
	at org.springframework.amqp.rabbit.listener.BlockingQueueConsumer.start(BlockingQueueConsumer.java:619)
	at org.springframework.amqp.rabbit.listener.SimpleMessageListenerContainer$AsyncMessageProcessingConsumer.initialize(SimpleMessageListenerContainer.java:1382)
	at org.springframework.amqp.rabbit.listener.SimpleMessageListenerContainer$AsyncMessageProcessingConsumer.run(SimpleMessageListenerContainer.java:1223)
	at java.base/java.lang.Thread.run(Thread.java:1583)
Caused by: org.springframework.amqp.AmqpAuthenticationException: com.rabbitmq.client.AuthenticationFailureException: ACCESS_REFUSED - Login was refused using authentication mechanism PLAIN. For details see the broker logfile.
	at org.springframework.amqp.rabbit.support.RabbitExceptionTranslator.convertRabbitAccessException(RabbitExceptionTranslator.java:64)
	at org.springframework.amqp.rabbit.connection.AbstractConnectionFactory.createBareConnection(AbstractConnectionFactory.java:594)
	at org.springframework.amqp.rabbit.connection.CachingConnectionFactory.createConnection(CachingConnectionFactory.java:687)
	at org.springframework.amqp.rabbit.connection.ConnectionFactoryUtils.createConnection(ConnectionFactoryUtils.java:257)
	at org.springframework.amqp.rabbit.connection.ConnectionFactoryUtils$RabbitResourceFactory.createConnection(ConnectionFactoryUtils.java:345)
	at org.springframework.amqp.rabbit.connection.ConnectionFactoryUtils.doGetTransactionalResourceHolder(ConnectionFactoryUtils.java:140)
	at org.springframework.amqp.rabbit.connection.ConnectionFactoryUtils.getTransactionalResourceHolder(ConnectionFactoryUtils.java:102)
	at org.springframework.amqp.rabbit.connection.ConnectionFactoryUtils.getTransactionalResourceHolder(ConnectionFactoryUtils.java:85)
	at org.springframework.amqp.rabbit.listener.BlockingQueueConsumer.start(BlockingQueueConsumer.java:613)
	... 3 common frames omitted
Caused by: com.rabbitmq.client.AuthenticationFailureException: ACCESS_REFUSED - Login was refused using authentication mechanism PLAIN. For details see the broker logfile.
	at com.rabbitmq.client.impl.AMQConnection.start(AMQConnection.java:388)
	at com.rabbitmq.client.ConnectionFactory.newConnection(ConnectionFactory.java:1236)
	at com.rabbitmq.client.ConnectionFactory.newConnection(ConnectionFactory.java:1184)
	at org.springframework.amqp.rabbit.connection.AbstractConnectionFactory.connectAddresses(AbstractConnectionFactory.java:632)
	at org.springframework.amqp.rabbit.connection.AbstractConnectionFactory.connect(AbstractConnectionFactory.java:607)
	at org.springframework.amqp.rabbit.connection.AbstractConnectionFactory.createBareConnection(AbstractConnectionFactory.java:557)
	... 10 common frames omitted

2025-03-22 14:50:55.576  INFO 25196 --- [main] (system) org.startear.ares.AresApplication        : Starting AresApplication using Java 21.0.3 with PID 25196 (D:\学习\javaproject\Ares\Ares-system\target\classes started by asada in D:\学习\javaproject\Ares)
2025-03-22 14:50:55.578  INFO 25196 --- [main] (system) org.startear.ares.AresApplication        : The following 1 profile is active: "dev"
2025-03-22 14:50:56.761  INFO 25196 --- [main] (system) .s.d.r.c.RepositoryConfigurationDelegate : Multiple Spring Data modules found, entering strict repository configuration mode
2025-03-22 14:50:56.766  INFO 25196 --- [main] (system) .s.d.r.c.RepositoryConfigurationDelegate : Bootstrapping Spring Data Redis repositories in DEFAULT mode.
2025-03-22 14:50:56.812  INFO 25196 --- [main] (system) .s.d.r.c.RepositoryConfigurationDelegate : Finished Spring Data repository scanning in 19 ms. Found 0 Redis repository interfaces.
2025-03-22 14:50:57.734  INFO 25196 --- [main] (system) o.s.b.w.embedded.tomcat.TomcatWebServer  : Tomcat initialized with port(s): 8080 (http)
2025-03-22 14:50:57.748  INFO 25196 --- [main] (system) o.apache.catalina.core.StandardService   : Starting service [Tomcat]
2025-03-22 14:50:57.749  INFO 25196 --- [main] (system) o.apache.catalina.core.StandardEngine    : Starting Servlet engine: [Apache Tomcat/10.1.11]
2025-03-22 14:50:57.884  INFO 25196 --- [main] (system) o.a.c.c.C.[Tomcat].[localhost].[/]       : Initializing Spring embedded WebApplicationContext
2025-03-22 14:50:57.886  INFO 25196 --- [main] (system) w.s.c.ServletWebServerApplicationContext : Root WebApplicationContext: initialization completed in 2251 ms
2025-03-22 14:50:59.754  INFO 25196 --- [main] (system) o.s.s.web.DefaultSecurityFilterChain     : Will secure any request with [org.springframework.security.web.session.DisableEncodeUrlFilter@6ad198c9, org.springframework.security.web.context.request.async.WebAsyncManagerIntegrationFilter@481bae3f, org.springframework.security.web.context.SecurityContextHolderFilter@535a6697, org.springframework.security.web.header.HeaderWriterFilter@1405aa6a, org.springframework.security.web.authentication.logout.LogoutFilter@6f27730b, org.startear.ares.filter.JwtAuthenticationFilter@37a3ec27, org.startear.ares.filter.RequestLogFilter@2729bb71, org.springframework.security.web.authentication.UsernamePasswordAuthenticationFilter@2c4eae94, org.springframework.security.web.savedrequest.RequestCacheAwareFilter@1d40f597, org.springframework.security.web.servletapi.SecurityContextHolderAwareRequestFilter@62d6ac, org.springframework.security.web.authentication.AnonymousAuthenticationFilter@6a54aa7a, org.springframework.security.web.session.SessionManagementFilter@602aeb87, org.springframework.security.web.access.ExceptionTranslationFilter@20db19ff, org.springframework.security.web.access.intercept.AuthorizationFilter@4cb773c5]
2025-03-22 14:51:00.202  WARN 25196 --- [main] (system) ocalVariableTableParameterNameDiscoverer : Using deprecated '-debug' fallback for parameter name resolution. Compile the affected code with '-parameters' instead or avoid its introspection: org.springframework.amqp.rabbit.core.RabbitAdmin
2025-03-22 14:51:00.264  INFO 25196 --- [main] (system) o.s.b.w.embedded.tomcat.TomcatWebServer  : Tomcat started on port(s): 8080 (http) with context path ''
2025-03-22 14:51:00.268  INFO 25196 --- [main] (system) o.s.a.r.c.CachingConnectionFactory       : Attempting to connect to: [localhost:5672]
2025-03-22 14:51:00.327  WARN 25196 --- [AMQP Connection 127.0.0.1:5672] (system) c.r.c.impl.ForgivingExceptionHandler     : An unexpected connection driver error occurred (Exception message: Socket closed)
2025-03-22 14:51:00.339  WARN 25196 --- [AMQP Connection 0:0:0:0:0:0:0:1:5672] (system) c.r.c.impl.ForgivingExceptionHandler     : An unexpected connection driver error occurred (Exception message: Socket closed)
2025-03-22 14:51:00.341  INFO 25196 --- [main] (system) o.s.a.r.l.SimpleMessageListenerContainer : Broker not available; cannot force queue declarations during start: com.rabbitmq.client.AuthenticationFailureException: ACCESS_REFUSED - Login was refused using authentication mechanism PLAIN. For details see the broker logfile.
2025-03-22 14:51:00.349  INFO 25196 --- [org.springframework.amqp.rabbit.RabbitListenerEndpointContainer#0-1] (system) o.s.a.r.c.CachingConnectionFactory       : Attempting to connect to: [localhost:5672]
2025-03-22 14:51:00.356  WARN 25196 --- [AMQP Connection 127.0.0.1:5672] (system) c.r.c.impl.ForgivingExceptionHandler     : An unexpected connection driver error occurred (Exception message: Socket closed)
2025-03-22 14:51:00.367  WARN 25196 --- [AMQP Connection 0:0:0:0:0:0:0:1:5672] (system) c.r.c.impl.ForgivingExceptionHandler     : An unexpected connection driver error occurred (Exception message: Socket closed)
2025-03-22 14:51:00.368 ERROR 25196 --- [org.springframework.amqp.rabbit.RabbitListenerEndpointContainer#0-1] (system) o.s.a.r.l.SimpleMessageListenerContainer : Failed to check/redeclare auto-delete queue(s).

org.springframework.amqp.AmqpAuthenticationException: com.rabbitmq.client.AuthenticationFailureException: ACCESS_REFUSED - Login was refused using authentication mechanism PLAIN. For details see the broker logfile.
	at org.springframework.amqp.rabbit.support.RabbitExceptionTranslator.convertRabbitAccessException(RabbitExceptionTranslator.java:64)
	at org.springframework.amqp.rabbit.connection.AbstractConnectionFactory.createBareConnection(AbstractConnectionFactory.java:594)
	at org.springframework.amqp.rabbit.connection.CachingConnectionFactory.createConnection(CachingConnectionFactory.java:687)
	at org.springframework.amqp.rabbit.connection.ConnectionFactoryUtils.createConnection(ConnectionFactoryUtils.java:257)
	at org.springframework.amqp.rabbit.core.RabbitTemplate.doExecute(RabbitTemplate.java:2225)
	at org.springframework.amqp.rabbit.core.RabbitTemplate.execute(RabbitTemplate.java:2198)
	at org.springframework.amqp.rabbit.core.RabbitTemplate.execute(RabbitTemplate.java:2178)
	at org.springframework.amqp.rabbit.core.RabbitAdmin.getQueueInfo(RabbitAdmin.java:459)
	at org.springframework.amqp.rabbit.core.RabbitAdmin.getQueueProperties(RabbitAdmin.java:443)
	at org.springframework.amqp.rabbit.listener.AbstractMessageListenerContainer.attemptDeclarations(AbstractMessageListenerContainer.java:1935)
	at org.springframework.amqp.rabbit.listener.AbstractMessageListenerContainer.redeclareElementsIfNecessary(AbstractMessageListenerContainer.java:1902)
	at org.springframework.amqp.rabbit.listener.SimpleMessageListenerContainer$AsyncMessageProcessingConsumer.initialize(SimpleMessageListenerContainer.java:1381)
	at org.springframework.amqp.rabbit.listener.SimpleMessageListenerContainer$AsyncMessageProcessingConsumer.run(SimpleMessageListenerContainer.java:1223)
	at java.base/java.lang.Thread.run(Thread.java:1583)
Caused by: com.rabbitmq.client.AuthenticationFailureException: ACCESS_REFUSED - Login was refused using authentication mechanism PLAIN. For details see the broker logfile.
	at com.rabbitmq.client.impl.AMQConnection.start(AMQConnection.java:388)
	at com.rabbitmq.client.ConnectionFactory.newConnection(ConnectionFactory.java:1236)
	at com.rabbitmq.client.ConnectionFactory.newConnection(ConnectionFactory.java:1184)
	at org.springframework.amqp.rabbit.connection.AbstractConnectionFactory.connectAddresses(AbstractConnectionFactory.java:632)
	at org.springframework.amqp.rabbit.connection.AbstractConnectionFactory.connect(AbstractConnectionFactory.java:607)
	at org.springframework.amqp.rabbit.connection.AbstractConnectionFactory.createBareConnection(AbstractConnectionFactory.java:557)
	... 12 common frames omitted

2025-03-22 14:51:00.374  INFO 25196 --- [org.springframework.amqp.rabbit.RabbitListenerEndpointContainer#0-1] (system) o.s.a.r.c.CachingConnectionFactory       : Attempting to connect to: [localhost:5672]
2025-03-22 14:51:00.380  WARN 25196 --- [AMQP Connection 127.0.0.1:5672] (system) c.r.c.impl.ForgivingExceptionHandler     : An unexpected connection driver error occurred (Exception message: Socket closed)
2025-03-22 14:51:00.389  WARN 25196 --- [AMQP Connection 0:0:0:0:0:0:0:1:5672] (system) c.r.c.impl.ForgivingExceptionHandler     : An unexpected connection driver error occurred (Exception message: Socket closed)
2025-03-22 14:51:00.389 ERROR 25196 --- [org.springframework.amqp.rabbit.RabbitListenerEndpointContainer#0-1] (system) o.s.a.r.l.SimpleMessageListenerContainer : Consumer received fatal exception on startup

org.springframework.amqp.rabbit.listener.exception.FatalListenerStartupException: Authentication failure
	at org.springframework.amqp.rabbit.listener.BlockingQueueConsumer.start(BlockingQueueConsumer.java:619)
	at org.springframework.amqp.rabbit.listener.SimpleMessageListenerContainer$AsyncMessageProcessingConsumer.initialize(SimpleMessageListenerContainer.java:1382)
	at org.springframework.amqp.rabbit.listener.SimpleMessageListenerContainer$AsyncMessageProcessingConsumer.run(SimpleMessageListenerContainer.java:1223)
	at java.base/java.lang.Thread.run(Thread.java:1583)
Caused by: org.springframework.amqp.AmqpAuthenticationException: com.rabbitmq.client.AuthenticationFailureException: ACCESS_REFUSED - Login was refused using authentication mechanism PLAIN. For details see the broker logfile.
	at org.springframework.amqp.rabbit.support.RabbitExceptionTranslator.convertRabbitAccessException(RabbitExceptionTranslator.java:64)
	at org.springframework.amqp.rabbit.connection.AbstractConnectionFactory.createBareConnection(AbstractConnectionFactory.java:594)
	at org.springframework.amqp.rabbit.connection.CachingConnectionFactory.createConnection(CachingConnectionFactory.java:687)
	at org.springframework.amqp.rabbit.connection.ConnectionFactoryUtils.createConnection(ConnectionFactoryUtils.java:257)
	at org.springframework.amqp.rabbit.connection.ConnectionFactoryUtils$RabbitResourceFactory.createConnection(ConnectionFactoryUtils.java:345)
	at org.springframework.amqp.rabbit.connection.ConnectionFactoryUtils.doGetTransactionalResourceHolder(ConnectionFactoryUtils.java:140)
	at org.springframework.amqp.rabbit.connection.ConnectionFactoryUtils.getTransactionalResourceHolder(ConnectionFactoryUtils.java:102)
	at org.springframework.amqp.rabbit.connection.ConnectionFactoryUtils.getTransactionalResourceHolder(ConnectionFactoryUtils.java:85)
	at org.springframework.amqp.rabbit.listener.BlockingQueueConsumer.start(BlockingQueueConsumer.java:613)
	... 3 common frames omitted
Caused by: com.rabbitmq.client.AuthenticationFailureException: ACCESS_REFUSED - Login was refused using authentication mechanism PLAIN. For details see the broker logfile.
	at com.rabbitmq.client.impl.AMQConnection.start(AMQConnection.java:388)
	at com.rabbitmq.client.ConnectionFactory.newConnection(ConnectionFactory.java:1236)
	at com.rabbitmq.client.ConnectionFactory.newConnection(ConnectionFactory.java:1184)
	at org.springframework.amqp.rabbit.connection.AbstractConnectionFactory.connectAddresses(AbstractConnectionFactory.java:632)
	at org.springframework.amqp.rabbit.connection.AbstractConnectionFactory.connect(AbstractConnectionFactory.java:607)
	at org.springframework.amqp.rabbit.connection.AbstractConnectionFactory.createBareConnection(AbstractConnectionFactory.java:557)
	... 10 common frames omitted

2025-03-22 14:51:00.390  WARN 25196 --- [main] (system) ConfigServletWebServerApplicationContext : Exception encountered during context initialization - cancelling refresh attempt: org.springframework.context.ApplicationContextException: Failed to start bean 'org.springframework.amqp.rabbit.config.internalRabbitListenerEndpointRegistry'
2025-03-22 14:51:00.391  INFO 25196 --- [main] (system) o.s.a.r.l.SimpleMessageListenerContainer : Waiting for workers to finish.
2025-03-22 14:51:00.392  INFO 25196 --- [main] (system) o.s.a.r.l.SimpleMessageListenerContainer : Successfully waited for workers to finish.
2025-03-22 14:51:00.392 ERROR 25196 --- [org.springframework.amqp.rabbit.RabbitListenerEndpointContainer#0-1] (system) o.s.a.r.l.SimpleMessageListenerContainer : Stopping container from aborted consumer
2025-03-22 14:51:00.418  INFO 25196 --- [main] (system) o.apache.catalina.core.StandardService   : Stopping service [Tomcat]
2025-03-22 14:51:00.437  INFO 25196 --- [main] (system) .s.b.a.l.ConditionEvaluationReportLogger : 

Error starting ApplicationContext. To display the condition evaluation report re-run your application with 'debug' enabled.
2025-03-22 14:51:00.460 ERROR 25196 --- [main] (system) o.s.boot.SpringApplication               : Application run failed

org.springframework.context.ApplicationContextException: Failed to start bean 'org.springframework.amqp.rabbit.config.internalRabbitListenerEndpointRegistry'
	at org.springframework.context.support.DefaultLifecycleProcessor.doStart(DefaultLifecycleProcessor.java:182)
	at org.springframework.context.support.DefaultLifecycleProcessor$LifecycleGroup.start(DefaultLifecycleProcessor.java:357)
	at java.base/java.lang.Iterable.forEach(Iterable.java:75)
	at org.springframework.context.support.DefaultLifecycleProcessor.startBeans(DefaultLifecycleProcessor.java:156)
	at org.springframework.context.support.DefaultLifecycleProcessor.onRefresh(DefaultLifecycleProcessor.java:124)
	at org.springframework.context.support.AbstractApplicationContext.finishRefresh(AbstractApplicationContext.java:958)
	at org.springframework.context.support.AbstractApplicationContext.refresh(AbstractApplicationContext.java:611)
	at org.springframework.boot.web.servlet.context.ServletWebServerApplicationContext.refresh(ServletWebServerApplicationContext.java:146)
	at org.springframework.boot.SpringApplication.refresh(SpringApplication.java:734)
	at org.springframework.boot.SpringApplication.refreshContext(SpringApplication.java:436)
	at org.springframework.boot.SpringApplication.run(SpringApplication.java:312)
	at org.springframework.boot.SpringApplication.run(SpringApplication.java:1306)
	at org.springframework.boot.SpringApplication.run(SpringApplication.java:1295)
	at org.startear.ares.AresApplication.main(AresApplication.java:9)
Caused by: org.springframework.amqp.AmqpIllegalStateException: Fatal exception on listener startup
	at org.springframework.amqp.rabbit.listener.SimpleMessageListenerContainer.waitForConsumersToStart(SimpleMessageListenerContainer.java:604)
	at org.springframework.amqp.rabbit.listener.SimpleMessageListenerContainer.doStart(SimpleMessageListenerContainer.java:564)
	at org.springframework.amqp.rabbit.listener.AbstractMessageListenerContainer.start(AbstractMessageListenerContainer.java:1381)
	at org.springframework.amqp.rabbit.listener.RabbitListenerEndpointRegistry.startIfNecessary(RabbitListenerEndpointRegistry.java:289)
	at org.springframework.amqp.rabbit.listener.RabbitListenerEndpointRegistry.start(RabbitListenerEndpointRegistry.java:239)
	at org.springframework.context.support.DefaultLifecycleProcessor.doStart(DefaultLifecycleProcessor.java:179)
	... 13 common frames omitted
Caused by: org.springframework.amqp.rabbit.listener.exception.FatalListenerStartupException: Authentication failure
	at org.springframework.amqp.rabbit.listener.BlockingQueueConsumer.start(BlockingQueueConsumer.java:619)
	at org.springframework.amqp.rabbit.listener.SimpleMessageListenerContainer$AsyncMessageProcessingConsumer.initialize(SimpleMessageListenerContainer.java:1382)
	at org.springframework.amqp.rabbit.listener.SimpleMessageListenerContainer$AsyncMessageProcessingConsumer.run(SimpleMessageListenerContainer.java:1223)
	at java.base/java.lang.Thread.run(Thread.java:1583)
Caused by: org.springframework.amqp.AmqpAuthenticationException: com.rabbitmq.client.AuthenticationFailureException: ACCESS_REFUSED - Login was refused using authentication mechanism PLAIN. For details see the broker logfile.
	at org.springframework.amqp.rabbit.support.RabbitExceptionTranslator.convertRabbitAccessException(RabbitExceptionTranslator.java:64)
	at org.springframework.amqp.rabbit.connection.AbstractConnectionFactory.createBareConnection(AbstractConnectionFactory.java:594)
	at org.springframework.amqp.rabbit.connection.CachingConnectionFactory.createConnection(CachingConnectionFactory.java:687)
	at org.springframework.amqp.rabbit.connection.ConnectionFactoryUtils.createConnection(ConnectionFactoryUtils.java:257)
	at org.springframework.amqp.rabbit.connection.ConnectionFactoryUtils$RabbitResourceFactory.createConnection(ConnectionFactoryUtils.java:345)
	at org.springframework.amqp.rabbit.connection.ConnectionFactoryUtils.doGetTransactionalResourceHolder(ConnectionFactoryUtils.java:140)
	at org.springframework.amqp.rabbit.connection.ConnectionFactoryUtils.getTransactionalResourceHolder(ConnectionFactoryUtils.java:102)
	at org.springframework.amqp.rabbit.connection.ConnectionFactoryUtils.getTransactionalResourceHolder(ConnectionFactoryUtils.java:85)
	at org.springframework.amqp.rabbit.listener.BlockingQueueConsumer.start(BlockingQueueConsumer.java:613)
	... 3 common frames omitted
Caused by: com.rabbitmq.client.AuthenticationFailureException: ACCESS_REFUSED - Login was refused using authentication mechanism PLAIN. For details see the broker logfile.
	at com.rabbitmq.client.impl.AMQConnection.start(AMQConnection.java:388)
	at com.rabbitmq.client.ConnectionFactory.newConnection(ConnectionFactory.java:1236)
	at com.rabbitmq.client.ConnectionFactory.newConnection(ConnectionFactory.java:1184)
	at org.springframework.amqp.rabbit.connection.AbstractConnectionFactory.connectAddresses(AbstractConnectionFactory.java:632)
	at org.springframework.amqp.rabbit.connection.AbstractConnectionFactory.connect(AbstractConnectionFactory.java:607)
	at org.springframework.amqp.rabbit.connection.AbstractConnectionFactory.createBareConnection(AbstractConnectionFactory.java:557)
	... 10 common frames omitted

2025-03-22 14:52:32.469  INFO 33576 --- [main] (system) org.startear.ares.AresApplication        : Starting AresApplication using Java 21.0.3 with PID 33576 (D:\学习\javaproject\Ares\Ares-system\target\classes started by asada in D:\学习\javaproject\Ares)
2025-03-22 14:52:32.472  INFO 33576 --- [main] (system) org.startear.ares.AresApplication        : The following 1 profile is active: "dev"
2025-03-22 14:52:33.750  INFO 33576 --- [main] (system) .s.d.r.c.RepositoryConfigurationDelegate : Multiple Spring Data modules found, entering strict repository configuration mode
2025-03-22 14:52:33.754  INFO 33576 --- [main] (system) .s.d.r.c.RepositoryConfigurationDelegate : Bootstrapping Spring Data Redis repositories in DEFAULT mode.
2025-03-22 14:52:33.801  INFO 33576 --- [main] (system) .s.d.r.c.RepositoryConfigurationDelegate : Finished Spring Data repository scanning in 19 ms. Found 0 Redis repository interfaces.
2025-03-22 14:52:34.604  INFO 33576 --- [main] (system) o.s.b.w.embedded.tomcat.TomcatWebServer  : Tomcat initialized with port(s): 8080 (http)
2025-03-22 14:52:34.616  INFO 33576 --- [main] (system) o.apache.catalina.core.StandardService   : Starting service [Tomcat]
2025-03-22 14:52:34.616  INFO 33576 --- [main] (system) o.apache.catalina.core.StandardEngine    : Starting Servlet engine: [Apache Tomcat/10.1.11]
2025-03-22 14:52:34.730  INFO 33576 --- [main] (system) o.a.c.c.C.[Tomcat].[localhost].[/]       : Initializing Spring embedded WebApplicationContext
2025-03-22 14:52:34.730  INFO 33576 --- [main] (system) w.s.c.ServletWebServerApplicationContext : Root WebApplicationContext: initialization completed in 2191 ms
2025-03-22 14:52:36.124  INFO 33576 --- [main] (system) o.s.s.web.DefaultSecurityFilterChain     : Will secure any request with [org.springframework.security.web.session.DisableEncodeUrlFilter@3791af, org.springframework.security.web.context.request.async.WebAsyncManagerIntegrationFilter@66fff42f, org.springframework.security.web.context.SecurityContextHolderFilter@4c8a9266, org.springframework.security.web.header.HeaderWriterFilter@36349e29, org.springframework.security.web.authentication.logout.LogoutFilter@7d3815f7, org.startear.ares.filter.JwtAuthenticationFilter@150f41b9, org.startear.ares.filter.RequestLogFilter@553ce348, org.springframework.security.web.authentication.UsernamePasswordAuthenticationFilter@37f71e8, org.springframework.security.web.savedrequest.RequestCacheAwareFilter@3e73f5e7, org.springframework.security.web.servletapi.SecurityContextHolderAwareRequestFilter@79fc4e99, org.springframework.security.web.authentication.AnonymousAuthenticationFilter@308be1a3, org.springframework.security.web.session.SessionManagementFilter@5aeebccc, org.springframework.security.web.access.ExceptionTranslationFilter@3f1fb139, org.springframework.security.web.access.intercept.AuthorizationFilter@59831016]
2025-03-22 14:52:36.531  WARN 33576 --- [main] (system) ocalVariableTableParameterNameDiscoverer : Using deprecated '-debug' fallback for parameter name resolution. Compile the affected code with '-parameters' instead or avoid its introspection: org.springframework.amqp.rabbit.core.RabbitAdmin
2025-03-22 14:52:36.595  INFO 33576 --- [main] (system) o.s.b.w.embedded.tomcat.TomcatWebServer  : Tomcat started on port(s): 8080 (http) with context path ''
2025-03-22 14:52:36.600  INFO 33576 --- [main] (system) o.s.a.r.c.CachingConnectionFactory       : Attempting to connect to: [localhost:5672]
2025-03-22 14:52:36.657  INFO 33576 --- [main] (system) o.s.a.r.c.CachingConnectionFactory       : Created new connection: rabbitConnectionFactory#39f93225:0/SimpleConnection@a20898c [delegate=amqp://guest@127.0.0.1:5672/, localPort=5238]
2025-03-22 14:52:36.830  INFO 33576 --- [main] (system) org.startear.ares.AresApplication        : Started AresApplication in 5.12 seconds (process running for 6.211)
2025-03-22 14:52:57.851  INFO 33576 --- [http-nio-8080-exec-1] (system) o.a.c.c.C.[Tomcat].[localhost].[/]       : Initializing Spring DispatcherServlet 'dispatcherServlet'
2025-03-22 14:52:57.852  INFO 33576 --- [http-nio-8080-exec-1] (system) o.s.web.servlet.DispatcherServlet        : Initializing Servlet 'dispatcherServlet'
2025-03-22 14:52:57.854  INFO 33576 --- [http-nio-8080-exec-1] (system) o.s.web.servlet.DispatcherServlet        : Completed initialization in 2 ms
2025-03-22 14:52:57.882  INFO 33576 --- [http-nio-8080-exec-1] (216168001127452672) o.startear.ares.filter.RequestLogFilter  : 请求URL: "/" (GET) | 远程IP地址: 127.0.0.1 │ 身份: 未验证 | 请求参数列表: {}
2025-03-22 14:52:58.173  INFO 33576 --- [http-nio-8080-exec-1] (216168001127452672) o.startear.ares.filter.RequestLogFilter  : 请求处理耗时: 295ms | 响应结果: {"code":401,"data":null,"id":216168001127452672,"message":"Full authentication is required to access this resource"}
2025-03-22 14:52:58.358  INFO 33576 --- [http-nio-8080-exec-3] (216168003140718592) o.startear.ares.filter.RequestLogFilter  : 请求URL: "/hybridaction/zybTrackerStatisticsAction" (GET) | 远程IP地址: 127.0.0.1 │ 身份: 未验证 | 请求参数列表: {"data":"{}","__callback__":"__cb__zybTrackerStatisticsAction__a8d739f6_b20d_4b6f_8589_5c9913e3b4db__1"}
2025-03-22 14:52:58.358  INFO 33576 --- [http-nio-8080-exec-2] (216168003136524288) o.startear.ares.filter.RequestLogFilter  : 请求URL: "/hybridaction/zybTrackerStatisticsAction" (GET) | 远程IP地址: 127.0.0.1 │ 身份: 未验证 | 请求参数列表: {"data":"{}","__callback__":"__cb__zybTrackerStatisticsAction__265f7ee6_27d1_4a4f_ac1d_51d176e3e5dc__0"}
2025-03-22 14:52:58.376  INFO 33576 --- [http-nio-8080-exec-2] (216168003136524288) o.startear.ares.filter.RequestLogFilter  : 请求处理耗时: 19ms | 响应结果: {"code":401,"data":null,"id":216168003136524288,"message":"Full authentication is required to access this resource"}
2025-03-22 14:52:58.376  INFO 33576 --- [http-nio-8080-exec-3] (216168003140718592) o.startear.ares.filter.RequestLogFilter  : 请求处理耗时: 18ms | 响应结果: {"code":401,"data":null,"id":216168003140718592,"message":"Full authentication is required to access this resource"}
2025-03-22 14:52:58.876  INFO 33576 --- [http-nio-8080-exec-5] (216168005313368064) o.startear.ares.filter.RequestLogFilter  : 请求URL: "/favicon.ico" (GET) | 远程IP地址: 127.0.0.1 │ 身份: 未验证 | 请求参数列表: {}
2025-03-22 14:52:58.882  INFO 33576 --- [http-nio-8080-exec-5] (216168005313368064) o.startear.ares.filter.RequestLogFilter  : 请求处理耗时: 6ms | 响应结果: {"code":401,"data":null,"id":216168005313368064,"message":"Full authentication is required to access this resource"}
2025-03-22 14:53:03.044  INFO 33576 --- [http-nio-8080-exec-4] (216168022795227136) o.startear.ares.filter.RequestLogFilter  : 请求URL: "/" (GET) | 远程IP地址: 127.0.0.1 │ 身份: 未验证 | 请求参数列表: {}
2025-03-22 14:53:03.047  INFO 33576 --- [http-nio-8080-exec-4] (216168022795227136) o.startear.ares.filter.RequestLogFilter  : 请求处理耗时: 3ms | 响应结果: {"code":401,"data":null,"id":216168022795227136,"message":"Full authentication is required to access this resource"}
2025-03-22 14:53:03.219  INFO 33576 --- [http-nio-8080-exec-6] (216168023529230336) o.startear.ares.filter.RequestLogFilter  : 请求URL: "/hybridaction/zybTrackerStatisticsAction" (GET) | 远程IP地址: 127.0.0.1 │ 身份: 未验证 | 请求参数列表: {"data":"{}","__callback__":"__cb__zybTrackerStatisticsAction__b16b7bfe_e07e_4f56_96e1_3ba45989fddf__0"}
2025-03-22 14:53:03.224  INFO 33576 --- [http-nio-8080-exec-6] (216168023529230336) o.startear.ares.filter.RequestLogFilter  : 请求处理耗时: 5ms | 响应结果: {"code":401,"data":null,"id":216168023529230336,"message":"Full authentication is required to access this resource"}
2025-03-22 14:53:03.227  INFO 33576 --- [http-nio-8080-exec-7] (216168023562784768) o.startear.ares.filter.RequestLogFilter  : 请求URL: "/hybridaction/zybTrackerStatisticsAction" (GET) | 远程IP地址: 127.0.0.1 │ 身份: 未验证 | 请求参数列表: {"data":"{}","__callback__":"__cb__zybTrackerStatisticsAction__f58eed3c_6c3a_47b1_9538_83c58b87a241__1"}
2025-03-22 14:53:03.231  INFO 33576 --- [http-nio-8080-exec-7] (216168023562784768) o.startear.ares.filter.RequestLogFilter  : 请求处理耗时: 4ms | 响应结果: {"code":401,"data":null,"id":216168023562784768,"message":"Full authentication is required to access this resource"}
2025-03-22 14:53:03.697  INFO 33576 --- [http-nio-8080-exec-8] (216168025534107648) o.startear.ares.filter.RequestLogFilter  : 请求URL: "/favicon.ico" (GET) | 远程IP地址: 127.0.0.1 │ 身份: 未验证 | 请求参数列表: {}
2025-03-22 14:53:03.700  INFO 33576 --- [http-nio-8080-exec-8] (216168025534107648) o.startear.ares.filter.RequestLogFilter  : 请求处理耗时: 3ms | 响应结果: {"code":401,"data":null,"id":216168025534107648,"message":"Full authentication is required to access this resource"}
2025-03-22 14:58:31.427 ERROR 33576 --- [http-nio-8080-exec-1] (216168001127452672) o.a.c.c.C.[.[.[/].[dispatcherServlet]    : Servlet.service() for servlet [dispatcherServlet] in context with path [] threw exception

org.springframework.data.redis.RedisConnectionFailureException: Unable to connect to Redis
	at org.springframework.data.redis.connection.lettuce.LettuceConnectionFactory$ExceptionTranslatingConnectionProvider.translateException(LettuceConnectionFactory.java:1602)
	at org.springframework.data.redis.connection.lettuce.LettuceConnectionFactory$ExceptionTranslatingConnectionProvider.getConnection(LettuceConnectionFactory.java:1533)
	at org.springframework.data.redis.connection.lettuce.LettuceConnectionFactory$SharedConnection.getNativeConnection(LettuceConnectionFactory.java:1358)
	at org.springframework.data.redis.connection.lettuce.LettuceConnectionFactory$SharedConnection.getConnection(LettuceConnectionFactory.java:1341)
	at org.springframework.data.redis.connection.lettuce.LettuceConnectionFactory.getSharedConnection(LettuceConnectionFactory.java:1059)
	at org.springframework.data.redis.connection.lettuce.LettuceConnectionFactory.getConnection(LettuceConnectionFactory.java:398)
	at org.springframework.data.redis.core.RedisConnectionUtils.fetchConnection(RedisConnectionUtils.java:193)
	at org.springframework.data.redis.core.RedisConnectionUtils.doGetConnection(RedisConnectionUtils.java:144)
	at org.springframework.data.redis.core.RedisConnectionUtils.getConnection(RedisConnectionUtils.java:105)
	at org.springframework.data.redis.core.RedisTemplate.execute(RedisTemplate.java:393)
	at org.springframework.data.redis.core.RedisTemplate.execute(RedisTemplate.java:373)
	at org.springframework.data.redis.core.RedisTemplate.doWithKeys(RedisTemplate.java:785)
	at org.springframework.data.redis.core.RedisTemplate.hasKey(RedisTemplate.java:571)
	at org.startear.ares.filter.FlowLimitingFilter.tryCount(FlowLimitingFilter.java:61)
	at org.startear.ares.filter.FlowLimitingFilter.doFilter(FlowLimitingFilter.java:48)
	at jakarta.servlet.http.HttpFilter.doFilter(HttpFilter.java:53)
	at org.apache.catalina.core.ApplicationFilterChain.internalDoFilter(ApplicationFilterChain.java:174)
	at org.apache.catalina.core.ApplicationFilterChain.doFilter(ApplicationFilterChain.java:149)
	at org.startear.ares.filter.CorsFilter.doFilter(CorsFilter.java:34)
	at jakarta.servlet.http.HttpFilter.doFilter(HttpFilter.java:53)
	at org.apache.catalina.core.ApplicationFilterChain.internalDoFilter(ApplicationFilterChain.java:174)
	at org.apache.catalina.core.ApplicationFilterChain.doFilter(ApplicationFilterChain.java:149)
	at org.springframework.web.filter.RequestContextFilter.doFilterInternal(RequestContextFilter.java:100)
	at org.springframework.web.filter.OncePerRequestFilter.doFilter(OncePerRequestFilter.java:116)
	at org.apache.catalina.core.ApplicationFilterChain.internalDoFilter(ApplicationFilterChain.java:174)
	at org.apache.catalina.core.ApplicationFilterChain.doFilter(ApplicationFilterChain.java:149)
	at org.springframework.web.filter.FormContentFilter.doFilterInternal(FormContentFilter.java:93)
	at org.springframework.web.filter.OncePerRequestFilter.doFilter(OncePerRequestFilter.java:116)
	at org.apache.catalina.core.ApplicationFilterChain.internalDoFilter(ApplicationFilterChain.java:174)
	at org.apache.catalina.core.ApplicationFilterChain.doFilter(ApplicationFilterChain.java:149)
	at org.springframework.web.filter.CharacterEncodingFilter.doFilterInternal(CharacterEncodingFilter.java:201)
	at org.springframework.web.filter.OncePerRequestFilter.doFilter(OncePerRequestFilter.java:116)
	at org.apache.catalina.core.ApplicationFilterChain.internalDoFilter(ApplicationFilterChain.java:174)
	at org.apache.catalina.core.ApplicationFilterChain.doFilter(ApplicationFilterChain.java:149)
	at org.apache.catalina.core.StandardWrapperValve.invoke(StandardWrapperValve.java:166)
	at org.apache.catalina.core.StandardContextValve.invoke(StandardContextValve.java:90)
	at org.apache.catalina.authenticator.AuthenticatorBase.invoke(AuthenticatorBase.java:482)
	at org.apache.catalina.core.StandardHostValve.invoke(StandardHostValve.java:115)
	at org.apache.catalina.valves.ErrorReportValve.invoke(ErrorReportValve.java:93)
	at org.apache.catalina.core.StandardEngineValve.invoke(StandardEngineValve.java:74)
	at org.apache.catalina.connector.CoyoteAdapter.service(CoyoteAdapter.java:341)
	at org.apache.coyote.http11.Http11Processor.service(Http11Processor.java:391)
	at org.apache.coyote.AbstractProcessorLight.process(AbstractProcessorLight.java:63)
	at org.apache.coyote.AbstractProtocol$ConnectionHandler.process(AbstractProtocol.java:894)
	at org.apache.tomcat.util.net.NioEndpoint$SocketProcessor.doRun(NioEndpoint.java:1740)
	at org.apache.tomcat.util.net.SocketProcessorBase.run(SocketProcessorBase.java:52)
	at org.apache.tomcat.util.threads.ThreadPoolExecutor.runWorker(ThreadPoolExecutor.java:1191)
	at org.apache.tomcat.util.threads.ThreadPoolExecutor$Worker.run(ThreadPoolExecutor.java:659)
	at org.apache.tomcat.util.threads.TaskThread$WrappingRunnable.run(TaskThread.java:61)
	at java.base/java.lang.Thread.run(Thread.java:1583)
Caused by: io.lettuce.core.RedisConnectionException: Unable to connect to localhost/<unresolved>:6379
	at io.lettuce.core.RedisConnectionException.create(RedisConnectionException.java:78)
	at io.lettuce.core.RedisConnectionException.create(RedisConnectionException.java:56)
	at io.lettuce.core.AbstractRedisClient.getConnection(AbstractRedisClient.java:350)
	at io.lettuce.core.RedisClient.connect(RedisClient.java:216)
	at org.springframework.data.redis.connection.lettuce.StandaloneConnectionProvider.lambda$getConnection$1(StandaloneConnectionProvider.java:112)
	at java.base/java.util.Optional.orElseGet(Optional.java:364)
	at org.springframework.data.redis.connection.lettuce.StandaloneConnectionProvider.getConnection(StandaloneConnectionProvider.java:112)
	at org.springframework.data.redis.connection.lettuce.LettuceConnectionFactory$ExceptionTranslatingConnectionProvider.getConnection(LettuceConnectionFactory.java:1531)
	... 48 common frames omitted
Caused by: io.netty.channel.AbstractChannel$AnnotatedConnectException: Connection refused: getsockopt: localhost/127.0.0.1:6379
Caused by: java.net.ConnectException: Connection refused: getsockopt
	at java.base/sun.nio.ch.Net.pollConnect(Native Method)
	at java.base/sun.nio.ch.Net.pollConnectNow(Net.java:682)
	at java.base/sun.nio.ch.SocketChannelImpl.finishConnect(SocketChannelImpl.java:973)
	at io.netty.channel.socket.nio.NioSocketChannel.doFinishConnect(NioSocketChannel.java:337)
	at io.netty.channel.nio.AbstractNioChannel$AbstractNioUnsafe.finishConnect(AbstractNioChannel.java:334)
	at io.netty.channel.nio.NioEventLoop.processSelectedKey(NioEventLoop.java:776)
	at io.netty.channel.nio.NioEventLoop.processSelectedKeysOptimized(NioEventLoop.java:724)
	at io.netty.channel.nio.NioEventLoop.processSelectedKeys(NioEventLoop.java:650)
	at io.netty.channel.nio.NioEventLoop.run(NioEventLoop.java:562)
	at io.netty.util.concurrent.SingleThreadEventExecutor$4.run(SingleThreadEventExecutor.java:997)
	at io.netty.util.internal.ThreadExecutorMap$2.run(ThreadExecutorMap.java:74)
	at io.netty.util.concurrent.FastThreadLocalRunnable.run(FastThreadLocalRunnable.java:30)
	at java.base/java.lang.Thread.run(Thread.java:1583)

2025-03-22 15:00:09.775  INFO 33576 --- [org.springframework.amqp.rabbit.RabbitListenerEndpointContainer#0-2] (system) o.s.a.r.l.SimpleMessageListenerContainer : Waiting for workers to finish.
2025-03-22 15:00:10.049  INFO 33576 --- [org.springframework.amqp.rabbit.RabbitListenerEndpointContainer#0-2] (system) o.s.a.r.l.SimpleMessageListenerContainer : Successfully waited for workers to finish.
