2025-03-19 18:21:30.711  INFO 27164 --- [main] (system) org.startear.ares.AresApplication        : Starting AresApplication using Java 21.0.3 with PID 27164 (D:\学习\javaproject\Ares\Ares-system\target\classes started by asada in D:\学习\javaproject\Ares)
2025-03-19 18:21:30.713  INFO 27164 --- [main] (system) org.startear.ares.AresApplication        : The following 1 profile is active: "dev"
2025-03-19 18:21:31.428  INFO 27164 --- [main] (system) .s.d.r.c.RepositoryConfigurationDelegate : Multiple Spring Data modules found, entering strict repository configuration mode
2025-03-19 18:21:31.432  INFO 27164 --- [main] (system) .s.d.r.c.RepositoryConfigurationDelegate : Bootstrapping Spring Data Redis repositories in DEFAULT mode.
2025-03-19 18:21:31.468  INFO 27164 --- [main] (system) .s.d.r.c.RepositoryConfigurationDelegate : Finished Spring Data repository scanning in 16 ms. Found 0 Redis repository interfaces.
2025-03-19 18:21:32.183  INFO 27164 --- [main] (system) o.s.b.w.embedded.tomcat.TomcatWebServer  : Tomcat initialized with port(s): 8080 (http)
2025-03-19 18:21:32.194  INFO 27164 --- [main] (system) o.apache.catalina.core.StandardService   : Starting service [Tomcat]
2025-03-19 18:21:32.195  INFO 27164 --- [main] (system) o.apache.catalina.core.StandardEngine    : Starting Servlet engine: [Apache Tomcat/10.1.11]
2025-03-19 18:21:32.292  INFO 27164 --- [main] (system) o.a.c.c.C.[Tomcat].[localhost].[/]       : Initializing Spring embedded WebApplicationContext
2025-03-19 18:21:32.293  INFO 27164 --- [main] (system) w.s.c.ServletWebServerApplicationContext : Root WebApplicationContext: initialization completed in 1544 ms
2025-03-19 18:21:33.614  INFO 27164 --- [main] (system) o.s.s.web.DefaultSecurityFilterChain     : Will secure any request with [org.springframework.security.web.session.DisableEncodeUrlFilter@14d53884, org.springframework.security.web.context.request.async.WebAsyncManagerIntegrationFilter@126ff1a1, org.springframework.security.web.context.SecurityContextHolderFilter@5af4328e, org.springframework.security.web.header.HeaderWriterFilter@78e50fca, org.springframework.security.web.authentication.logout.LogoutFilter@2b540131, org.startear.ares.filter.JwtAuthenticationFilter@498a4d62, org.startear.ares.filter.RequestLogFilter@4fa5cc73, org.springframework.security.web.authentication.UsernamePasswordAuthenticationFilter@7fc56d61, org.springframework.security.web.savedrequest.RequestCacheAwareFilter@71eaef6a, org.springframework.security.web.servletapi.SecurityContextHolderAwareRequestFilter@7ac90dab, org.springframework.security.web.authentication.AnonymousAuthenticationFilter@546c30c2, org.springframework.security.web.session.SessionManagementFilter@76c587ce, org.springframework.security.web.access.ExceptionTranslationFilter@e4bb10b, org.springframework.security.web.access.intercept.AuthorizationFilter@60e80279]
2025-03-19 18:21:33.979  WARN 27164 --- [main] (system) ocalVariableTableParameterNameDiscoverer : Using deprecated '-debug' fallback for parameter name resolution. Compile the affected code with '-parameters' instead or avoid its introspection: org.springframework.amqp.rabbit.core.RabbitAdmin
2025-03-19 18:21:34.032  INFO 27164 --- [main] (system) o.s.b.w.embedded.tomcat.TomcatWebServer  : Tomcat started on port(s): 8080 (http) with context path ''
2025-03-19 18:21:34.035  INFO 27164 --- [main] (system) o.s.a.r.c.CachingConnectionFactory       : Attempting to connect to: [localhost:5672]
2025-03-19 18:21:34.060  INFO 27164 --- [main] (system) o.s.a.r.l.SimpleMessageListenerContainer : Broker not available; cannot force queue declarations during start: java.net.ConnectException: Connection refused: getsockopt
2025-03-19 18:21:34.066  INFO 27164 --- [org.springframework.amqp.rabbit.RabbitListenerEndpointContainer#0-1] (system) o.s.a.r.c.CachingConnectionFactory       : Attempting to connect to: [localhost:5672]
2025-03-19 18:21:34.069 ERROR 27164 --- [org.springframework.amqp.rabbit.RabbitListenerEndpointContainer#0-1] (system) o.s.a.r.l.SimpleMessageListenerContainer : Failed to check/redeclare auto-delete queue(s).

org.springframework.amqp.AmqpConnectException: java.net.ConnectException: Connection refused: getsockopt
	at org.springframework.amqp.rabbit.support.RabbitExceptionTranslator.convertRabbitAccessException(RabbitExceptionTranslator.java:61)
	at org.springframework.amqp.rabbit.connection.AbstractConnectionFactory.createBareConnection(AbstractConnectionFactory.java:594)
	at org.springframework.amqp.rabbit.connection.CachingConnectionFactory.createConnection(CachingConnectionFactory.java:687)
	at org.springframework.amqp.rabbit.connection.ConnectionFactoryUtils.createConnection(ConnectionFactoryUtils.java:257)
	at org.springframework.amqp.rabbit.core.RabbitTemplate.doExecute(RabbitTemplate.java:2225)
	at org.springframework.amqp.rabbit.core.RabbitTemplate.execute(RabbitTemplate.java:2198)
	at org.springframework.amqp.rabbit.core.RabbitTemplate.execute(RabbitTemplate.java:2178)
	at org.springframework.amqp.rabbit.core.RabbitAdmin.getQueueInfo(RabbitAdmin.java:459)
	at org.springframework.amqp.rabbit.core.RabbitAdmin.getQueueProperties(RabbitAdmin.java:443)
	at org.springframework.amqp.rabbit.listener.AbstractMessageListenerContainer.attemptDeclarations(AbstractMessageListenerContainer.java:1935)
	at org.springframework.amqp.rabbit.listener.AbstractMessageListenerContainer.redeclareElementsIfNecessary(AbstractMessageListenerContainer.java:1902)
	at org.springframework.amqp.rabbit.listener.SimpleMessageListenerContainer$AsyncMessageProcessingConsumer.initialize(SimpleMessageListenerContainer.java:1381)
	at org.springframework.amqp.rabbit.listener.SimpleMessageListenerContainer$AsyncMessageProcessingConsumer.run(SimpleMessageListenerContainer.java:1223)
	at java.base/java.lang.Thread.run(Thread.java:1583)
Caused by: java.net.ConnectException: Connection refused: getsockopt
	at java.base/sun.nio.ch.Net.pollConnect(Native Method)
	at java.base/sun.nio.ch.Net.pollConnectNow(Net.java:682)
	at java.base/sun.nio.ch.NioSocketImpl.timedFinishConnect(NioSocketImpl.java:542)
	at java.base/sun.nio.ch.NioSocketImpl.connect(NioSocketImpl.java:592)
	at java.base/java.net.SocksSocketImpl.connect(SocksSocketImpl.java:327)
	at java.base/java.net.Socket.connect(Socket.java:751)
	at com.rabbitmq.client.impl.SocketFrameHandlerFactory.create(SocketFrameHandlerFactory.java:61)
	at com.rabbitmq.client.ConnectionFactory.newConnection(ConnectionFactory.java:1234)
	at com.rabbitmq.client.ConnectionFactory.newConnection(ConnectionFactory.java:1184)
	at org.springframework.amqp.rabbit.connection.AbstractConnectionFactory.connectAddresses(AbstractConnectionFactory.java:632)
	at org.springframework.amqp.rabbit.connection.AbstractConnectionFactory.connect(AbstractConnectionFactory.java:607)
	at org.springframework.amqp.rabbit.connection.AbstractConnectionFactory.createBareConnection(AbstractConnectionFactory.java:557)
	... 12 common frames omitted

2025-03-19 18:21:34.072  INFO 27164 --- [org.springframework.amqp.rabbit.RabbitListenerEndpointContainer#0-1] (system) o.s.a.r.c.CachingConnectionFactory       : Attempting to connect to: [localhost:5672]
2025-03-19 18:21:34.097  INFO 27164 --- [main] (system) org.startear.ares.AresApplication        : Started AresApplication in 3.935 seconds (process running for 4.734)
2025-03-19 18:21:39.194  WARN 27164 --- [org.springframework.amqp.rabbit.RabbitListenerEndpointContainer#0-1] (system) o.s.a.r.l.SimpleMessageListenerContainer : Consumer raised exception, processing can restart if the connection factory supports it. Exception summary: org.springframework.amqp.AmqpConnectException: java.net.ConnectException: Connection refused: getsockopt
2025-03-19 18:21:39.196  INFO 27164 --- [org.springframework.amqp.rabbit.RabbitListenerEndpointContainer#0-1] (system) o.s.a.r.l.SimpleMessageListenerContainer : Restarting Consumer@4946dfde: tags=[[]], channel=null, acknowledgeMode=AUTO local queue size=0
2025-03-19 18:21:39.197  INFO 27164 --- [org.springframework.amqp.rabbit.RabbitListenerEndpointContainer#0-2] (system) o.s.a.r.c.CachingConnectionFactory       : Attempting to connect to: [localhost:5672]
2025-03-19 18:21:39.198 ERROR 27164 --- [org.springframework.amqp.rabbit.RabbitListenerEndpointContainer#0-2] (system) o.s.a.r.l.SimpleMessageListenerContainer : Failed to check/redeclare auto-delete queue(s).
2025-03-19 18:21:39.199  INFO 27164 --- [org.springframework.amqp.rabbit.RabbitListenerEndpointContainer#0-2] (system) o.s.a.r.c.CachingConnectionFactory       : Attempting to connect to: [localhost:5672]
2025-03-19 18:21:40.928  INFO 27164 --- [org.springframework.amqp.rabbit.RabbitListenerEndpointContainer#0-3] (system) o.s.a.r.l.SimpleMessageListenerContainer : Waiting for workers to finish.
2025-03-19 18:21:40.928  INFO 27164 --- [org.springframework.amqp.rabbit.RabbitListenerEndpointContainer#0-3] (system) o.s.a.r.l.SimpleMessageListenerContainer : Successfully waited for workers to finish.
2025-03-19 18:21:44.594  INFO 11992 --- [main] (system) org.startear.ares.AresApplication        : Starting AresApplication using Java 21.0.3 with PID 11992 (D:\学习\javaproject\Ares\Ares-system\target\classes started by asada in D:\学习\javaproject\Ares)
2025-03-19 18:21:44.596  INFO 11992 --- [main] (system) org.startear.ares.AresApplication        : The following 1 profile is active: "dev"
2025-03-19 18:21:45.277  INFO 11992 --- [main] (system) .s.d.r.c.RepositoryConfigurationDelegate : Multiple Spring Data modules found, entering strict repository configuration mode
2025-03-19 18:21:45.279  INFO 11992 --- [main] (system) .s.d.r.c.RepositoryConfigurationDelegate : Bootstrapping Spring Data Redis repositories in DEFAULT mode.
2025-03-19 18:21:45.300  INFO 11992 --- [main] (system) .s.d.r.c.RepositoryConfigurationDelegate : Finished Spring Data repository scanning in 8 ms. Found 0 Redis repository interfaces.
2025-03-19 18:21:45.823  INFO 11992 --- [main] (system) o.s.b.w.embedded.tomcat.TomcatWebServer  : Tomcat initialized with port(s): 8080 (http)
2025-03-19 18:21:45.831  INFO 11992 --- [main] (system) o.apache.catalina.core.StandardService   : Starting service [Tomcat]
2025-03-19 18:21:45.831  INFO 11992 --- [main] (system) o.apache.catalina.core.StandardEngine    : Starting Servlet engine: [Apache Tomcat/10.1.11]
2025-03-19 18:21:45.908  INFO 11992 --- [main] (system) o.a.c.c.C.[Tomcat].[localhost].[/]       : Initializing Spring embedded WebApplicationContext
2025-03-19 18:21:45.908  INFO 11992 --- [main] (system) w.s.c.ServletWebServerApplicationContext : Root WebApplicationContext: initialization completed in 1276 ms
2025-03-19 18:21:46.779  INFO 11992 --- [main] (system) o.s.s.web.DefaultSecurityFilterChain     : Will secure any request with [org.springframework.security.web.session.DisableEncodeUrlFilter@568c9ee1, org.springframework.security.web.context.request.async.WebAsyncManagerIntegrationFilter@3b839f68, org.springframework.security.web.context.SecurityContextHolderFilter@75adb1c0, org.springframework.security.web.header.HeaderWriterFilter@5265a8dd, org.springframework.security.web.authentication.logout.LogoutFilter@4fc256ec, org.startear.ares.filter.JwtAuthenticationFilter@1179fc8c, org.startear.ares.filter.RequestLogFilter@60f9dc7e, org.springframework.security.web.authentication.UsernamePasswordAuthenticationFilter@14d53884, org.springframework.security.web.savedrequest.RequestCacheAwareFilter@7ac90dab, org.springframework.security.web.servletapi.SecurityContextHolderAwareRequestFilter@476a970c, org.springframework.security.web.authentication.AnonymousAuthenticationFilter@e5c52fa, org.springframework.security.web.session.SessionManagementFilter@5535e9, org.springframework.security.web.access.ExceptionTranslationFilter@76c587ce, org.springframework.security.web.access.intercept.AuthorizationFilter@402feb85]
2025-03-19 18:21:47.056  WARN 11992 --- [main] (system) ocalVariableTableParameterNameDiscoverer : Using deprecated '-debug' fallback for parameter name resolution. Compile the affected code with '-parameters' instead or avoid its introspection: org.springframework.amqp.rabbit.core.RabbitAdmin
2025-03-19 18:21:47.098  INFO 11992 --- [main] (system) o.s.b.w.embedded.tomcat.TomcatWebServer  : Tomcat started on port(s): 8080 (http) with context path ''
2025-03-19 18:21:47.101  INFO 11992 --- [main] (system) o.s.a.r.c.CachingConnectionFactory       : Attempting to connect to: [localhost:5672]
2025-03-19 18:21:47.117  INFO 11992 --- [main] (system) o.s.a.r.l.SimpleMessageListenerContainer : Broker not available; cannot force queue declarations during start: java.net.ConnectException: Connection refused: getsockopt
2025-03-19 18:21:47.122  INFO 11992 --- [org.springframework.amqp.rabbit.RabbitListenerEndpointContainer#0-1] (system) o.s.a.r.c.CachingConnectionFactory       : Attempting to connect to: [localhost:5672]
2025-03-19 18:21:47.123 ERROR 11992 --- [org.springframework.amqp.rabbit.RabbitListenerEndpointContainer#0-1] (system) o.s.a.r.l.SimpleMessageListenerContainer : Failed to check/redeclare auto-delete queue(s).

org.springframework.amqp.AmqpConnectException: java.net.ConnectException: Connection refused: getsockopt
	at org.springframework.amqp.rabbit.support.RabbitExceptionTranslator.convertRabbitAccessException(RabbitExceptionTranslator.java:61)
	at org.springframework.amqp.rabbit.connection.AbstractConnectionFactory.createBareConnection(AbstractConnectionFactory.java:594)
	at org.springframework.amqp.rabbit.connection.CachingConnectionFactory.createConnection(CachingConnectionFactory.java:687)
	at org.springframework.amqp.rabbit.connection.ConnectionFactoryUtils.createConnection(ConnectionFactoryUtils.java:257)
	at org.springframework.amqp.rabbit.core.RabbitTemplate.doExecute(RabbitTemplate.java:2225)
	at org.springframework.amqp.rabbit.core.RabbitTemplate.execute(RabbitTemplate.java:2198)
	at org.springframework.amqp.rabbit.core.RabbitTemplate.execute(RabbitTemplate.java:2178)
	at org.springframework.amqp.rabbit.core.RabbitAdmin.getQueueInfo(RabbitAdmin.java:459)
	at org.springframework.amqp.rabbit.core.RabbitAdmin.getQueueProperties(RabbitAdmin.java:443)
	at org.springframework.amqp.rabbit.listener.AbstractMessageListenerContainer.attemptDeclarations(AbstractMessageListenerContainer.java:1935)
	at org.springframework.amqp.rabbit.listener.AbstractMessageListenerContainer.redeclareElementsIfNecessary(AbstractMessageListenerContainer.java:1902)
	at org.springframework.amqp.rabbit.listener.SimpleMessageListenerContainer$AsyncMessageProcessingConsumer.initialize(SimpleMessageListenerContainer.java:1381)
	at org.springframework.amqp.rabbit.listener.SimpleMessageListenerContainer$AsyncMessageProcessingConsumer.run(SimpleMessageListenerContainer.java:1223)
	at java.base/java.lang.Thread.run(Thread.java:1583)
Caused by: java.net.ConnectException: Connection refused: getsockopt
	at java.base/sun.nio.ch.Net.pollConnect(Native Method)
	at java.base/sun.nio.ch.Net.pollConnectNow(Net.java:682)
	at java.base/sun.nio.ch.NioSocketImpl.timedFinishConnect(NioSocketImpl.java:542)
	at java.base/sun.nio.ch.NioSocketImpl.connect(NioSocketImpl.java:592)
	at java.base/java.net.SocksSocketImpl.connect(SocksSocketImpl.java:327)
	at java.base/java.net.Socket.connect(Socket.java:751)
	at com.rabbitmq.client.impl.SocketFrameHandlerFactory.create(SocketFrameHandlerFactory.java:61)
	at com.rabbitmq.client.ConnectionFactory.newConnection(ConnectionFactory.java:1234)
	at com.rabbitmq.client.ConnectionFactory.newConnection(ConnectionFactory.java:1184)
	at org.springframework.amqp.rabbit.connection.AbstractConnectionFactory.connectAddresses(AbstractConnectionFactory.java:632)
	at org.springframework.amqp.rabbit.connection.AbstractConnectionFactory.connect(AbstractConnectionFactory.java:607)
	at org.springframework.amqp.rabbit.connection.AbstractConnectionFactory.createBareConnection(AbstractConnectionFactory.java:557)
	... 12 common frames omitted

2025-03-19 18:21:47.126  INFO 11992 --- [org.springframework.amqp.rabbit.RabbitListenerEndpointContainer#0-1] (system) o.s.a.r.c.CachingConnectionFactory       : Attempting to connect to: [localhost:5672]
2025-03-19 18:21:47.155  INFO 11992 --- [main] (system) org.startear.ares.AresApplication        : Started AresApplication in 2.975 seconds (process running for 3.584)
2025-03-19 18:21:52.219  WARN 11992 --- [org.springframework.amqp.rabbit.RabbitListenerEndpointContainer#0-1] (system) o.s.a.r.l.SimpleMessageListenerContainer : Consumer raised exception, processing can restart if the connection factory supports it. Exception summary: org.springframework.amqp.AmqpConnectException: java.net.ConnectException: Connection refused: getsockopt
2025-03-19 18:21:52.221  INFO 11992 --- [org.springframework.amqp.rabbit.RabbitListenerEndpointContainer#0-1] (system) o.s.a.r.l.SimpleMessageListenerContainer : Restarting Consumer@794f937a: tags=[[]], channel=null, acknowledgeMode=AUTO local queue size=0
2025-03-19 18:21:52.222  INFO 11992 --- [org.springframework.amqp.rabbit.RabbitListenerEndpointContainer#0-2] (system) o.s.a.r.c.CachingConnectionFactory       : Attempting to connect to: [localhost:5672]
2025-03-19 18:21:52.235 ERROR 11992 --- [org.springframework.amqp.rabbit.RabbitListenerEndpointContainer#0-2] (system) o.s.a.r.l.SimpleMessageListenerContainer : Failed to check/redeclare auto-delete queue(s).
2025-03-19 18:21:52.235  INFO 11992 --- [org.springframework.amqp.rabbit.RabbitListenerEndpointContainer#0-2] (system) o.s.a.r.c.CachingConnectionFactory       : Attempting to connect to: [localhost:5672]
2025-03-19 18:21:57.324  WARN 11992 --- [org.springframework.amqp.rabbit.RabbitListenerEndpointContainer#0-2] (system) o.s.a.r.l.SimpleMessageListenerContainer : Consumer raised exception, processing can restart if the connection factory supports it. Exception summary: org.springframework.amqp.AmqpConnectException: java.net.ConnectException: Connection refused: getsockopt
2025-03-19 18:21:57.324  INFO 11992 --- [org.springframework.amqp.rabbit.RabbitListenerEndpointContainer#0-2] (system) o.s.a.r.l.SimpleMessageListenerContainer : Restarting Consumer@1c2e8853: tags=[[]], channel=null, acknowledgeMode=AUTO local queue size=0
2025-03-19 18:21:57.325  INFO 11992 --- [org.springframework.amqp.rabbit.RabbitListenerEndpointContainer#0-3] (system) o.s.a.r.c.CachingConnectionFactory       : Attempting to connect to: [localhost:5672]
2025-03-19 18:21:57.354 ERROR 11992 --- [org.springframework.amqp.rabbit.RabbitListenerEndpointContainer#0-3] (system) o.s.a.r.l.SimpleMessageListenerContainer : Failed to check/redeclare auto-delete queue(s).
2025-03-19 18:21:57.354  INFO 11992 --- [org.springframework.amqp.rabbit.RabbitListenerEndpointContainer#0-3] (system) o.s.a.r.c.CachingConnectionFactory       : Attempting to connect to: [localhost:5672]
2025-03-19 18:22:02.439  WARN 11992 --- [org.springframework.amqp.rabbit.RabbitListenerEndpointContainer#0-3] (system) o.s.a.r.l.SimpleMessageListenerContainer : Consumer raised exception, processing can restart if the connection factory supports it. Exception summary: org.springframework.amqp.AmqpConnectException: java.net.ConnectException: Connection refused: getsockopt
2025-03-19 18:22:02.439  INFO 11992 --- [org.springframework.amqp.rabbit.RabbitListenerEndpointContainer#0-3] (system) o.s.a.r.l.SimpleMessageListenerContainer : Restarting Consumer@432cc17: tags=[[]], channel=null, acknowledgeMode=AUTO local queue size=0
2025-03-19 18:22:02.440  INFO 11992 --- [org.springframework.amqp.rabbit.RabbitListenerEndpointContainer#0-4] (system) o.s.a.r.c.CachingConnectionFactory       : Attempting to connect to: [localhost:5672]
2025-03-19 18:22:02.441 ERROR 11992 --- [org.springframework.amqp.rabbit.RabbitListenerEndpointContainer#0-4] (system) o.s.a.r.l.SimpleMessageListenerContainer : Failed to check/redeclare auto-delete queue(s).
2025-03-19 18:22:02.441  INFO 11992 --- [org.springframework.amqp.rabbit.RabbitListenerEndpointContainer#0-4] (system) o.s.a.r.c.CachingConnectionFactory       : Attempting to connect to: [localhost:5672]
2025-03-19 18:22:07.566  WARN 11992 --- [org.springframework.amqp.rabbit.RabbitListenerEndpointContainer#0-4] (system) o.s.a.r.l.SimpleMessageListenerContainer : Consumer raised exception, processing can restart if the connection factory supports it. Exception summary: org.springframework.amqp.AmqpConnectException: java.net.ConnectException: Connection refused: getsockopt
2025-03-19 18:22:07.566  INFO 11992 --- [org.springframework.amqp.rabbit.RabbitListenerEndpointContainer#0-4] (system) o.s.a.r.l.SimpleMessageListenerContainer : Restarting Consumer@59a11aac: tags=[[]], channel=null, acknowledgeMode=AUTO local queue size=0
2025-03-19 18:22:07.568  INFO 11992 --- [org.springframework.amqp.rabbit.RabbitListenerEndpointContainer#0-5] (system) o.s.a.r.c.CachingConnectionFactory       : Attempting to connect to: [localhost:5672]
2025-03-19 18:22:07.598 ERROR 11992 --- [org.springframework.amqp.rabbit.RabbitListenerEndpointContainer#0-5] (system) o.s.a.r.l.SimpleMessageListenerContainer : Failed to check/redeclare auto-delete queue(s).
2025-03-19 18:22:07.598  INFO 11992 --- [org.springframework.amqp.rabbit.RabbitListenerEndpointContainer#0-5] (system) o.s.a.r.c.CachingConnectionFactory       : Attempting to connect to: [localhost:5672]
2025-03-19 18:22:12.695  WARN 11992 --- [org.springframework.amqp.rabbit.RabbitListenerEndpointContainer#0-5] (system) o.s.a.r.l.SimpleMessageListenerContainer : Consumer raised exception, processing can restart if the connection factory supports it. Exception summary: org.springframework.amqp.AmqpConnectException: java.net.ConnectException: Connection refused: getsockopt
2025-03-19 18:22:12.695  INFO 11992 --- [org.springframework.amqp.rabbit.RabbitListenerEndpointContainer#0-5] (system) o.s.a.r.l.SimpleMessageListenerContainer : Restarting Consumer@60cc1828: tags=[[]], channel=null, acknowledgeMode=AUTO local queue size=0
2025-03-19 18:22:12.696  INFO 11992 --- [org.springframework.amqp.rabbit.RabbitListenerEndpointContainer#0-6] (system) o.s.a.r.c.CachingConnectionFactory       : Attempting to connect to: [localhost:5672]
2025-03-19 18:22:12.710 ERROR 11992 --- [org.springframework.amqp.rabbit.RabbitListenerEndpointContainer#0-6] (system) o.s.a.r.l.SimpleMessageListenerContainer : Failed to check/redeclare auto-delete queue(s).
2025-03-19 18:22:12.710  INFO 11992 --- [org.springframework.amqp.rabbit.RabbitListenerEndpointContainer#0-6] (system) o.s.a.r.c.CachingConnectionFactory       : Attempting to connect to: [localhost:5672]
2025-03-19 18:22:17.818  WARN 11992 --- [org.springframework.amqp.rabbit.RabbitListenerEndpointContainer#0-6] (system) o.s.a.r.l.SimpleMessageListenerContainer : Consumer raised exception, processing can restart if the connection factory supports it. Exception summary: org.springframework.amqp.AmqpConnectException: java.net.ConnectException: Connection refused: getsockopt
2025-03-19 18:22:17.819  INFO 11992 --- [org.springframework.amqp.rabbit.RabbitListenerEndpointContainer#0-6] (system) o.s.a.r.l.SimpleMessageListenerContainer : Restarting Consumer@65eb36ba: tags=[[]], channel=null, acknowledgeMode=AUTO local queue size=0
2025-03-19 18:22:17.820  INFO 11992 --- [org.springframework.amqp.rabbit.RabbitListenerEndpointContainer#0-7] (system) o.s.a.r.c.CachingConnectionFactory       : Attempting to connect to: [localhost:5672]
2025-03-19 18:22:17.821 ERROR 11992 --- [org.springframework.amqp.rabbit.RabbitListenerEndpointContainer#0-7] (system) o.s.a.r.l.SimpleMessageListenerContainer : Failed to check/redeclare auto-delete queue(s).
2025-03-19 18:22:17.821  INFO 11992 --- [org.springframework.amqp.rabbit.RabbitListenerEndpointContainer#0-7] (system) o.s.a.r.c.CachingConnectionFactory       : Attempting to connect to: [localhost:5672]
2025-03-19 18:22:22.926  WARN 11992 --- [org.springframework.amqp.rabbit.RabbitListenerEndpointContainer#0-7] (system) o.s.a.r.l.SimpleMessageListenerContainer : Consumer raised exception, processing can restart if the connection factory supports it. Exception summary: org.springframework.amqp.AmqpConnectException: java.net.ConnectException: Connection refused: getsockopt
2025-03-19 18:22:22.926  INFO 11992 --- [org.springframework.amqp.rabbit.RabbitListenerEndpointContainer#0-7] (system) o.s.a.r.l.SimpleMessageListenerContainer : Restarting Consumer@72f4f511: tags=[[]], channel=null, acknowledgeMode=AUTO local queue size=0
2025-03-19 18:22:22.928  INFO 11992 --- [org.springframework.amqp.rabbit.RabbitListenerEndpointContainer#0-8] (system) o.s.a.r.c.CachingConnectionFactory       : Attempting to connect to: [localhost:5672]
2025-03-19 18:22:22.929 ERROR 11992 --- [org.springframework.amqp.rabbit.RabbitListenerEndpointContainer#0-8] (system) o.s.a.r.l.SimpleMessageListenerContainer : Failed to check/redeclare auto-delete queue(s).
2025-03-19 18:22:22.929  INFO 11992 --- [org.springframework.amqp.rabbit.RabbitListenerEndpointContainer#0-8] (system) o.s.a.r.c.CachingConnectionFactory       : Attempting to connect to: [localhost:5672]
2025-03-19 18:22:25.905  INFO 11992 --- [org.springframework.amqp.rabbit.RabbitListenerEndpointContainer#0-9] (system) o.s.a.r.l.SimpleMessageListenerContainer : Waiting for workers to finish.
2025-03-19 18:22:25.905  INFO 11992 --- [org.springframework.amqp.rabbit.RabbitListenerEndpointContainer#0-9] (system) o.s.a.r.l.SimpleMessageListenerContainer : Successfully waited for workers to finish.
2025-03-19 18:52:51.248  INFO 29332 --- [main] (system) org.startear.ares.AresApplication        : Starting AresApplication using Java 21.0.3 with PID 29332 (D:\学习\javaproject\Ares\Ares-system\target\classes started by asada in D:\学习\javaproject\Ares)
2025-03-19 18:52:51.250  INFO 29332 --- [main] (system) org.startear.ares.AresApplication        : The following 1 profile is active: "dev"
2025-03-19 18:52:51.977  INFO 29332 --- [main] (system) .s.d.r.c.RepositoryConfigurationDelegate : Multiple Spring Data modules found, entering strict repository configuration mode
2025-03-19 18:52:51.980  INFO 29332 --- [main] (system) .s.d.r.c.RepositoryConfigurationDelegate : Bootstrapping Spring Data Redis repositories in DEFAULT mode.
2025-03-19 18:52:52.001  INFO 29332 --- [main] (system) .s.d.r.c.RepositoryConfigurationDelegate : Finished Spring Data repository scanning in 8 ms. Found 0 Redis repository interfaces.
2025-03-19 18:52:52.608  INFO 29332 --- [main] (system) o.s.b.w.embedded.tomcat.TomcatWebServer  : Tomcat initialized with port(s): 8080 (http)
2025-03-19 18:52:52.621  INFO 29332 --- [main] (system) o.apache.catalina.core.StandardService   : Starting service [Tomcat]
2025-03-19 18:52:52.621  INFO 29332 --- [main] (system) o.apache.catalina.core.StandardEngine    : Starting Servlet engine: [Apache Tomcat/10.1.11]
2025-03-19 18:52:52.719  INFO 29332 --- [main] (system) o.a.c.c.C.[Tomcat].[localhost].[/]       : Initializing Spring embedded WebApplicationContext
2025-03-19 18:52:52.720  INFO 29332 --- [main] (system) w.s.c.ServletWebServerApplicationContext : Root WebApplicationContext: initialization completed in 1435 ms
2025-03-19 18:52:53.822  INFO 29332 --- [main] (system) o.s.s.web.DefaultSecurityFilterChain     : Will secure any request with [org.springframework.security.web.session.DisableEncodeUrlFilter@1041ebba, org.springframework.security.web.context.request.async.WebAsyncManagerIntegrationFilter@507f7cd1, org.springframework.security.web.context.SecurityContextHolderFilter@1983a4e4, org.springframework.security.web.header.HeaderWriterFilter@15ee8861, org.springframework.security.web.authentication.logout.LogoutFilter@568c9ee1, org.startear.ares.filter.JwtAuthenticationFilter@224e6e88, org.startear.ares.filter.RequestLogFilter@2299d903, org.springframework.security.web.authentication.UsernamePasswordAuthenticationFilter@33827b88, org.springframework.security.web.savedrequest.RequestCacheAwareFilter@3ce7a354, org.springframework.security.web.servletapi.SecurityContextHolderAwareRequestFilter@27d5eb00, org.springframework.security.web.authentication.AnonymousAuthenticationFilter@349996a6, org.springframework.security.web.session.SessionManagementFilter@31a024ea, org.springframework.security.web.access.ExceptionTranslationFilter@1ce57bbb, org.springframework.security.web.access.intercept.AuthorizationFilter@38af386e]
2025-03-19 18:52:54.117  WARN 29332 --- [main] (system) ocalVariableTableParameterNameDiscoverer : Using deprecated '-debug' fallback for parameter name resolution. Compile the affected code with '-parameters' instead or avoid its introspection: org.springframework.amqp.rabbit.core.RabbitAdmin
2025-03-19 18:52:54.172  INFO 29332 --- [main] (system) o.s.b.w.embedded.tomcat.TomcatWebServer  : Tomcat started on port(s): 8080 (http) with context path ''
2025-03-19 18:52:54.175  INFO 29332 --- [main] (system) o.s.a.r.c.CachingConnectionFactory       : Attempting to connect to: [localhost:5672]
2025-03-19 18:52:54.180  INFO 29332 --- [main] (system) o.s.a.r.l.SimpleMessageListenerContainer : Broker not available; cannot force queue declarations during start: java.net.ConnectException: Connection refused: getsockopt
2025-03-19 18:52:54.187  INFO 29332 --- [org.springframework.amqp.rabbit.RabbitListenerEndpointContainer#0-1] (system) o.s.a.r.c.CachingConnectionFactory       : Attempting to connect to: [localhost:5672]
2025-03-19 18:52:54.188 ERROR 29332 --- [org.springframework.amqp.rabbit.RabbitListenerEndpointContainer#0-1] (system) o.s.a.r.l.SimpleMessageListenerContainer : Failed to check/redeclare auto-delete queue(s).

org.springframework.amqp.AmqpConnectException: java.net.ConnectException: Connection refused: getsockopt
	at org.springframework.amqp.rabbit.support.RabbitExceptionTranslator.convertRabbitAccessException(RabbitExceptionTranslator.java:61)
	at org.springframework.amqp.rabbit.connection.AbstractConnectionFactory.createBareConnection(AbstractConnectionFactory.java:594)
	at org.springframework.amqp.rabbit.connection.CachingConnectionFactory.createConnection(CachingConnectionFactory.java:687)
	at org.springframework.amqp.rabbit.connection.ConnectionFactoryUtils.createConnection(ConnectionFactoryUtils.java:257)
	at org.springframework.amqp.rabbit.core.RabbitTemplate.doExecute(RabbitTemplate.java:2225)
	at org.springframework.amqp.rabbit.core.RabbitTemplate.execute(RabbitTemplate.java:2198)
	at org.springframework.amqp.rabbit.core.RabbitTemplate.execute(RabbitTemplate.java:2178)
	at org.springframework.amqp.rabbit.core.RabbitAdmin.getQueueInfo(RabbitAdmin.java:459)
	at org.springframework.amqp.rabbit.core.RabbitAdmin.getQueueProperties(RabbitAdmin.java:443)
	at org.springframework.amqp.rabbit.listener.AbstractMessageListenerContainer.attemptDeclarations(AbstractMessageListenerContainer.java:1935)
	at org.springframework.amqp.rabbit.listener.AbstractMessageListenerContainer.redeclareElementsIfNecessary(AbstractMessageListenerContainer.java:1902)
	at org.springframework.amqp.rabbit.listener.SimpleMessageListenerContainer$AsyncMessageProcessingConsumer.initialize(SimpleMessageListenerContainer.java:1381)
	at org.springframework.amqp.rabbit.listener.SimpleMessageListenerContainer$AsyncMessageProcessingConsumer.run(SimpleMessageListenerContainer.java:1223)
	at java.base/java.lang.Thread.run(Thread.java:1583)
Caused by: java.net.ConnectException: Connection refused: getsockopt
	at java.base/sun.nio.ch.Net.pollConnect(Native Method)
	at java.base/sun.nio.ch.Net.pollConnectNow(Net.java:682)
	at java.base/sun.nio.ch.NioSocketImpl.timedFinishConnect(NioSocketImpl.java:542)
	at java.base/sun.nio.ch.NioSocketImpl.connect(NioSocketImpl.java:592)
	at java.base/java.net.SocksSocketImpl.connect(SocksSocketImpl.java:327)
	at java.base/java.net.Socket.connect(Socket.java:751)
	at com.rabbitmq.client.impl.SocketFrameHandlerFactory.create(SocketFrameHandlerFactory.java:61)
	at com.rabbitmq.client.ConnectionFactory.newConnection(ConnectionFactory.java:1234)
	at com.rabbitmq.client.ConnectionFactory.newConnection(ConnectionFactory.java:1184)
	at org.springframework.amqp.rabbit.connection.AbstractConnectionFactory.connectAddresses(AbstractConnectionFactory.java:632)
	at org.springframework.amqp.rabbit.connection.AbstractConnectionFactory.connect(AbstractConnectionFactory.java:607)
	at org.springframework.amqp.rabbit.connection.AbstractConnectionFactory.createBareConnection(AbstractConnectionFactory.java:557)
	... 12 common frames omitted

2025-03-19 18:52:54.192  INFO 29332 --- [org.springframework.amqp.rabbit.RabbitListenerEndpointContainer#0-1] (system) o.s.a.r.c.CachingConnectionFactory       : Attempting to connect to: [localhost:5672]
2025-03-19 18:52:54.217  INFO 29332 --- [main] (system) org.startear.ares.AresApplication        : Started AresApplication in 3.431 seconds (process running for 4.177)
2025-03-19 18:52:59.298  WARN 29332 --- [org.springframework.amqp.rabbit.RabbitListenerEndpointContainer#0-1] (system) o.s.a.r.l.SimpleMessageListenerContainer : Consumer raised exception, processing can restart if the connection factory supports it. Exception summary: org.springframework.amqp.AmqpConnectException: java.net.ConnectException: Connection refused: getsockopt
2025-03-19 18:52:59.300  INFO 29332 --- [org.springframework.amqp.rabbit.RabbitListenerEndpointContainer#0-1] (system) o.s.a.r.l.SimpleMessageListenerContainer : Restarting Consumer@4b74a67a: tags=[[]], channel=null, acknowledgeMode=AUTO local queue size=0
2025-03-19 18:52:59.301  INFO 29332 --- [org.springframework.amqp.rabbit.RabbitListenerEndpointContainer#0-2] (system) o.s.a.r.c.CachingConnectionFactory       : Attempting to connect to: [localhost:5672]
2025-03-19 18:52:59.314 ERROR 29332 --- [org.springframework.amqp.rabbit.RabbitListenerEndpointContainer#0-2] (system) o.s.a.r.l.SimpleMessageListenerContainer : Failed to check/redeclare auto-delete queue(s).
2025-03-19 18:52:59.314  INFO 29332 --- [org.springframework.amqp.rabbit.RabbitListenerEndpointContainer#0-2] (system) o.s.a.r.c.CachingConnectionFactory       : Attempting to connect to: [localhost:5672]
2025-03-19 18:53:03.289  INFO 29332 --- [org.springframework.amqp.rabbit.RabbitListenerEndpointContainer#0-3] (system) o.s.a.r.l.SimpleMessageListenerContainer : Waiting for workers to finish.
2025-03-19 18:53:03.289  INFO 29332 --- [org.springframework.amqp.rabbit.RabbitListenerEndpointContainer#0-3] (system) o.s.a.r.l.SimpleMessageListenerContainer : Successfully waited for workers to finish.
