2025-03-18 17:06:58.402  INFO 23076 --- [main] (system) org.startear.ares.AresApplication        : Starting AresApplication using Java 21.0.3 with PID 23076 (D:\学习\javaproject\Ares\Ares-system\target\classes started by asada in D:\学习\javaproject\Ares)
2025-03-18 17:06:58.404  INFO 23076 --- [main] (system) org.startear.ares.AresApplication        : The following 1 profile is active: "dev"
2025-03-18 17:06:59.230  INFO 23076 --- [main] (system) .s.d.r.c.RepositoryConfigurationDelegate : Multiple Spring Data modules found, entering strict repository configuration mode
2025-03-18 17:06:59.233  INFO 23076 --- [main] (system) .s.d.r.c.RepositoryConfigurationDelegate : Bootstrapping Spring Data Redis repositories in DEFAULT mode.
2025-03-18 17:06:59.274  INFO 23076 --- [main] (system) .s.d.r.c.RepositoryConfigurationDelegate : Finished Spring Data repository scanning in 18 ms. Found 0 Redis repository interfaces.
2025-03-18 17:06:59.852  INFO 23076 --- [main] (system) o.s.b.w.embedded.tomcat.TomcatWebServer  : Tomcat initialized with port(s): 8080 (http)
2025-03-18 17:06:59.863  INFO 23076 --- [main] (system) o.apache.catalina.core.StandardService   : Starting service [Tomcat]
2025-03-18 17:06:59.863  INFO 23076 --- [main] (system) o.apache.catalina.core.StandardEngine    : Starting Servlet engine: [Apache Tomcat/10.1.11]
2025-03-18 17:06:59.957  INFO 23076 --- [main] (system) o.a.c.c.C.[Tomcat].[localhost].[/]       : Initializing Spring embedded WebApplicationContext
2025-03-18 17:06:59.957  INFO 23076 --- [main] (system) w.s.c.ServletWebServerApplicationContext : Root WebApplicationContext: initialization completed in 1511 ms
2025-03-18 17:07:01.111  INFO 23076 --- [main] (system) o.s.s.web.DefaultSecurityFilterChain     : Will secure any request with [org.springframework.security.web.session.DisableEncodeUrlFilter@63b0b3dd, org.springframework.security.web.context.request.async.WebAsyncManagerIntegrationFilter@397dfbe8, org.springframework.security.web.context.SecurityContextHolderFilter@5aeebccc, org.springframework.security.web.header.HeaderWriterFilter@2a60981c, org.springframework.security.web.authentication.logout.LogoutFilter@67823972, org.startear.ares.filter.JwtAuthenticationFilter@dae5e0, org.startear.ares.filter.RequestLogFilter@11bdab37, org.springframework.security.web.authentication.UsernamePasswordAuthenticationFilter@5606d537, org.springframework.security.web.savedrequest.RequestCacheAwareFilter@6fe243a, org.springframework.security.web.servletapi.SecurityContextHolderAwareRequestFilter@495bc9e7, org.springframework.security.web.authentication.AnonymousAuthenticationFilter@783f5f71, org.springframework.security.web.session.SessionManagementFilter@7057dbda, org.springframework.security.web.access.ExceptionTranslationFilter@6a54aa7a, org.springframework.security.web.access.intercept.AuthorizationFilter@6c46dc02]
2025-03-18 17:07:01.434  WARN 23076 --- [main] (system) ocalVariableTableParameterNameDiscoverer : Using deprecated '-debug' fallback for parameter name resolution. Compile the affected code with '-parameters' instead or avoid its introspection: org.springframework.amqp.rabbit.core.RabbitAdmin
2025-03-18 17:07:01.488  INFO 23076 --- [main] (system) o.s.b.w.embedded.tomcat.TomcatWebServer  : Tomcat started on port(s): 8080 (http) with context path ''
2025-03-18 17:07:01.492  INFO 23076 --- [main] (system) o.s.a.r.c.CachingConnectionFactory       : Attempting to connect to: [localhost:5672]
2025-03-18 17:07:01.499  INFO 23076 --- [main] (system) o.s.a.r.l.SimpleMessageListenerContainer : Broker not available; cannot force queue declarations during start: java.net.ConnectException: Connection refused: getsockopt
2025-03-18 17:07:01.508  INFO 23076 --- [org.springframework.amqp.rabbit.RabbitListenerEndpointContainer#0-1] (system) o.s.a.r.c.CachingConnectionFactory       : Attempting to connect to: [localhost:5672]
2025-03-18 17:07:01.510 ERROR 23076 --- [org.springframework.amqp.rabbit.RabbitListenerEndpointContainer#0-1] (system) o.s.a.r.l.SimpleMessageListenerContainer : Failed to check/redeclare auto-delete queue(s).

org.springframework.amqp.AmqpConnectException: java.net.ConnectException: Connection refused: getsockopt
	at org.springframework.amqp.rabbit.support.RabbitExceptionTranslator.convertRabbitAccessException(RabbitExceptionTranslator.java:61)
	at org.springframework.amqp.rabbit.connection.AbstractConnectionFactory.createBareConnection(AbstractConnectionFactory.java:594)
	at org.springframework.amqp.rabbit.connection.CachingConnectionFactory.createConnection(CachingConnectionFactory.java:687)
	at org.springframework.amqp.rabbit.connection.ConnectionFactoryUtils.createConnection(ConnectionFactoryUtils.java:257)
	at org.springframework.amqp.rabbit.core.RabbitTemplate.doExecute(RabbitTemplate.java:2225)
	at org.springframework.amqp.rabbit.core.RabbitTemplate.execute(RabbitTemplate.java:2198)
	at org.springframework.amqp.rabbit.core.RabbitTemplate.execute(RabbitTemplate.java:2178)
	at org.springframework.amqp.rabbit.core.RabbitAdmin.getQueueInfo(RabbitAdmin.java:459)
	at org.springframework.amqp.rabbit.core.RabbitAdmin.getQueueProperties(RabbitAdmin.java:443)
	at org.springframework.amqp.rabbit.listener.AbstractMessageListenerContainer.attemptDeclarations(AbstractMessageListenerContainer.java:1935)
	at org.springframework.amqp.rabbit.listener.AbstractMessageListenerContainer.redeclareElementsIfNecessary(AbstractMessageListenerContainer.java:1902)
	at org.springframework.amqp.rabbit.listener.SimpleMessageListenerContainer$AsyncMessageProcessingConsumer.initialize(SimpleMessageListenerContainer.java:1381)
	at org.springframework.amqp.rabbit.listener.SimpleMessageListenerContainer$AsyncMessageProcessingConsumer.run(SimpleMessageListenerContainer.java:1223)
	at java.base/java.lang.Thread.run(Thread.java:1583)
Caused by: java.net.ConnectException: Connection refused: getsockopt
	at java.base/sun.nio.ch.Net.pollConnect(Native Method)
	at java.base/sun.nio.ch.Net.pollConnectNow(Net.java:682)
	at java.base/sun.nio.ch.NioSocketImpl.timedFinishConnect(NioSocketImpl.java:542)
	at java.base/sun.nio.ch.NioSocketImpl.connect(NioSocketImpl.java:592)
	at java.base/java.net.SocksSocketImpl.connect(SocksSocketImpl.java:327)
	at java.base/java.net.Socket.connect(Socket.java:751)
	at com.rabbitmq.client.impl.SocketFrameHandlerFactory.create(SocketFrameHandlerFactory.java:61)
	at com.rabbitmq.client.ConnectionFactory.newConnection(ConnectionFactory.java:1234)
	at com.rabbitmq.client.ConnectionFactory.newConnection(ConnectionFactory.java:1184)
	at org.springframework.amqp.rabbit.connection.AbstractConnectionFactory.connectAddresses(AbstractConnectionFactory.java:632)
	at org.springframework.amqp.rabbit.connection.AbstractConnectionFactory.connect(AbstractConnectionFactory.java:607)
	at org.springframework.amqp.rabbit.connection.AbstractConnectionFactory.createBareConnection(AbstractConnectionFactory.java:557)
	... 12 common frames omitted

2025-03-18 17:07:01.514  INFO 23076 --- [org.springframework.amqp.rabbit.RabbitListenerEndpointContainer#0-1] (system) o.s.a.r.c.CachingConnectionFactory       : Attempting to connect to: [localhost:5672]
2025-03-18 17:07:01.536  INFO 23076 --- [main] (system) org.startear.ares.AresApplication        : Started AresApplication in 3.763 seconds (process running for 4.596)
2025-03-18 17:07:06.617  WARN 23076 --- [org.springframework.amqp.rabbit.RabbitListenerEndpointContainer#0-1] (system) o.s.a.r.l.SimpleMessageListenerContainer : Consumer raised exception, processing can restart if the connection factory supports it. Exception summary: org.springframework.amqp.AmqpConnectException: java.net.ConnectException: Connection refused: getsockopt
2025-03-18 17:07:06.620  INFO 23076 --- [org.springframework.amqp.rabbit.RabbitListenerEndpointContainer#0-1] (system) o.s.a.r.l.SimpleMessageListenerContainer : Restarting Consumer@60e5eed0: tags=[[]], channel=null, acknowledgeMode=AUTO local queue size=0
2025-03-18 17:07:06.621  INFO 23076 --- [org.springframework.amqp.rabbit.RabbitListenerEndpointContainer#0-2] (system) o.s.a.r.c.CachingConnectionFactory       : Attempting to connect to: [localhost:5672]
2025-03-18 17:07:06.633 ERROR 23076 --- [org.springframework.amqp.rabbit.RabbitListenerEndpointContainer#0-2] (system) o.s.a.r.l.SimpleMessageListenerContainer : Failed to check/redeclare auto-delete queue(s).
2025-03-18 17:07:06.633  INFO 23076 --- [org.springframework.amqp.rabbit.RabbitListenerEndpointContainer#0-2] (system) o.s.a.r.c.CachingConnectionFactory       : Attempting to connect to: [localhost:5672]
2025-03-18 17:07:11.700  WARN 23076 --- [org.springframework.amqp.rabbit.RabbitListenerEndpointContainer#0-2] (system) o.s.a.r.l.SimpleMessageListenerContainer : Consumer raised exception, processing can restart if the connection factory supports it. Exception summary: org.springframework.amqp.AmqpConnectException: java.net.ConnectException: Connection refused: getsockopt
2025-03-18 17:07:11.700  INFO 23076 --- [org.springframework.amqp.rabbit.RabbitListenerEndpointContainer#0-2] (system) o.s.a.r.l.SimpleMessageListenerContainer : Restarting Consumer@675a229c: tags=[[]], channel=null, acknowledgeMode=AUTO local queue size=0
2025-03-18 17:07:11.702  INFO 23076 --- [org.springframework.amqp.rabbit.RabbitListenerEndpointContainer#0-3] (system) o.s.a.r.c.CachingConnectionFactory       : Attempting to connect to: [localhost:5672]
2025-03-18 17:07:11.703 ERROR 23076 --- [org.springframework.amqp.rabbit.RabbitListenerEndpointContainer#0-3] (system) o.s.a.r.l.SimpleMessageListenerContainer : Failed to check/redeclare auto-delete queue(s).
2025-03-18 17:07:11.703  INFO 23076 --- [org.springframework.amqp.rabbit.RabbitListenerEndpointContainer#0-3] (system) o.s.a.r.c.CachingConnectionFactory       : Attempting to connect to: [localhost:5672]
2025-03-18 17:07:16.776  WARN 23076 --- [org.springframework.amqp.rabbit.RabbitListenerEndpointContainer#0-3] (system) o.s.a.r.l.SimpleMessageListenerContainer : Consumer raised exception, processing can restart if the connection factory supports it. Exception summary: org.springframework.amqp.AmqpConnectException: java.net.ConnectException: Connection refused: getsockopt
2025-03-18 17:07:16.776  INFO 23076 --- [org.springframework.amqp.rabbit.RabbitListenerEndpointContainer#0-3] (system) o.s.a.r.l.SimpleMessageListenerContainer : Restarting Consumer@59a11aac: tags=[[]], channel=null, acknowledgeMode=AUTO local queue size=0
2025-03-18 17:07:16.777  INFO 23076 --- [org.springframework.amqp.rabbit.RabbitListenerEndpointContainer#0-4] (system) o.s.a.r.c.CachingConnectionFactory       : Attempting to connect to: [localhost:5672]
2025-03-18 17:07:16.792 ERROR 23076 --- [org.springframework.amqp.rabbit.RabbitListenerEndpointContainer#0-4] (system) o.s.a.r.l.SimpleMessageListenerContainer : Failed to check/redeclare auto-delete queue(s).
2025-03-18 17:07:16.792  INFO 23076 --- [org.springframework.amqp.rabbit.RabbitListenerEndpointContainer#0-4] (system) o.s.a.r.c.CachingConnectionFactory       : Attempting to connect to: [localhost:5672]
2025-03-18 17:07:21.889  WARN 23076 --- [org.springframework.amqp.rabbit.RabbitListenerEndpointContainer#0-4] (system) o.s.a.r.l.SimpleMessageListenerContainer : Consumer raised exception, processing can restart if the connection factory supports it. Exception summary: org.springframework.amqp.AmqpConnectException: java.net.ConnectException: Connection refused: getsockopt
2025-03-18 17:07:21.889  INFO 23076 --- [org.springframework.amqp.rabbit.RabbitListenerEndpointContainer#0-4] (system) o.s.a.r.l.SimpleMessageListenerContainer : Restarting Consumer@179c0800: tags=[[]], channel=null, acknowledgeMode=AUTO local queue size=0
2025-03-18 17:07:21.891  INFO 23076 --- [org.springframework.amqp.rabbit.RabbitListenerEndpointContainer#0-5] (system) o.s.a.r.c.CachingConnectionFactory       : Attempting to connect to: [localhost:5672]
2025-03-18 17:07:21.920 ERROR 23076 --- [org.springframework.amqp.rabbit.RabbitListenerEndpointContainer#0-5] (system) o.s.a.r.l.SimpleMessageListenerContainer : Failed to check/redeclare auto-delete queue(s).
2025-03-18 17:07:21.921  INFO 23076 --- [org.springframework.amqp.rabbit.RabbitListenerEndpointContainer#0-5] (system) o.s.a.r.c.CachingConnectionFactory       : Attempting to connect to: [localhost:5672]
2025-03-18 17:07:27.035  WARN 23076 --- [org.springframework.amqp.rabbit.RabbitListenerEndpointContainer#0-5] (system) o.s.a.r.l.SimpleMessageListenerContainer : Consumer raised exception, processing can restart if the connection factory supports it. Exception summary: org.springframework.amqp.AmqpConnectException: java.net.ConnectException: Connection refused: getsockopt
2025-03-18 17:07:27.035  INFO 23076 --- [org.springframework.amqp.rabbit.RabbitListenerEndpointContainer#0-5] (system) o.s.a.r.l.SimpleMessageListenerContainer : Restarting Consumer@69196b99: tags=[[]], channel=null, acknowledgeMode=AUTO local queue size=0
2025-03-18 17:07:27.036  INFO 23076 --- [org.springframework.amqp.rabbit.RabbitListenerEndpointContainer#0-6] (system) o.s.a.r.c.CachingConnectionFactory       : Attempting to connect to: [localhost:5672]
2025-03-18 17:07:27.052 ERROR 23076 --- [org.springframework.amqp.rabbit.RabbitListenerEndpointContainer#0-6] (system) o.s.a.r.l.SimpleMessageListenerContainer : Failed to check/redeclare auto-delete queue(s).
2025-03-18 17:07:27.052  INFO 23076 --- [org.springframework.amqp.rabbit.RabbitListenerEndpointContainer#0-6] (system) o.s.a.r.c.CachingConnectionFactory       : Attempting to connect to: [localhost:5672]
2025-03-18 17:07:32.164  WARN 23076 --- [org.springframework.amqp.rabbit.RabbitListenerEndpointContainer#0-6] (system) o.s.a.r.l.SimpleMessageListenerContainer : Consumer raised exception, processing can restart if the connection factory supports it. Exception summary: org.springframework.amqp.AmqpConnectException: java.net.ConnectException: Connection refused: getsockopt
2025-03-18 17:07:32.164  INFO 23076 --- [org.springframework.amqp.rabbit.RabbitListenerEndpointContainer#0-6] (system) o.s.a.r.l.SimpleMessageListenerContainer : Restarting Consumer@5fcf1bd6: tags=[[]], channel=null, acknowledgeMode=AUTO local queue size=0
2025-03-18 17:07:32.165  INFO 23076 --- [org.springframework.amqp.rabbit.RabbitListenerEndpointContainer#0-7] (system) o.s.a.r.c.CachingConnectionFactory       : Attempting to connect to: [localhost:5672]
2025-03-18 17:07:32.180 ERROR 23076 --- [org.springframework.amqp.rabbit.RabbitListenerEndpointContainer#0-7] (system) o.s.a.r.l.SimpleMessageListenerContainer : Failed to check/redeclare auto-delete queue(s).
2025-03-18 17:07:32.180  INFO 23076 --- [org.springframework.amqp.rabbit.RabbitListenerEndpointContainer#0-7] (system) o.s.a.r.c.CachingConnectionFactory       : Attempting to connect to: [localhost:5672]
2025-03-18 17:07:37.260  WARN 23076 --- [org.springframework.amqp.rabbit.RabbitListenerEndpointContainer#0-7] (system) o.s.a.r.l.SimpleMessageListenerContainer : Consumer raised exception, processing can restart if the connection factory supports it. Exception summary: org.springframework.amqp.AmqpConnectException: java.net.ConnectException: Connection refused: getsockopt
2025-03-18 17:07:37.260  INFO 23076 --- [org.springframework.amqp.rabbit.RabbitListenerEndpointContainer#0-7] (system) o.s.a.r.l.SimpleMessageListenerContainer : Restarting Consumer@331e4299: tags=[[]], channel=null, acknowledgeMode=AUTO local queue size=0
2025-03-18 17:07:37.261  INFO 23076 --- [org.springframework.amqp.rabbit.RabbitListenerEndpointContainer#0-8] (system) o.s.a.r.c.CachingConnectionFactory       : Attempting to connect to: [localhost:5672]
2025-03-18 17:07:37.276 ERROR 23076 --- [org.springframework.amqp.rabbit.RabbitListenerEndpointContainer#0-8] (system) o.s.a.r.l.SimpleMessageListenerContainer : Failed to check/redeclare auto-delete queue(s).
2025-03-18 17:07:37.276  INFO 23076 --- [org.springframework.amqp.rabbit.RabbitListenerEndpointContainer#0-8] (system) o.s.a.r.c.CachingConnectionFactory       : Attempting to connect to: [localhost:5672]
2025-03-18 17:07:42.350  WARN 23076 --- [org.springframework.amqp.rabbit.RabbitListenerEndpointContainer#0-8] (system) o.s.a.r.l.SimpleMessageListenerContainer : Consumer raised exception, processing can restart if the connection factory supports it. Exception summary: org.springframework.amqp.AmqpConnectException: java.net.ConnectException: Connection refused: getsockopt
2025-03-18 17:07:42.350  INFO 23076 --- [org.springframework.amqp.rabbit.RabbitListenerEndpointContainer#0-8] (system) o.s.a.r.l.SimpleMessageListenerContainer : Restarting Consumer@2980efa6: tags=[[]], channel=null, acknowledgeMode=AUTO local queue size=0
2025-03-18 17:07:42.351  INFO 23076 --- [org.springframework.amqp.rabbit.RabbitListenerEndpointContainer#0-9] (system) o.s.a.r.c.CachingConnectionFactory       : Attempting to connect to: [localhost:5672]
2025-03-18 17:07:42.366 ERROR 23076 --- [org.springframework.amqp.rabbit.RabbitListenerEndpointContainer#0-9] (system) o.s.a.r.l.SimpleMessageListenerContainer : Failed to check/redeclare auto-delete queue(s).
2025-03-18 17:07:42.366  INFO 23076 --- [org.springframework.amqp.rabbit.RabbitListenerEndpointContainer#0-9] (system) o.s.a.r.c.CachingConnectionFactory       : Attempting to connect to: [localhost:5672]
2025-03-18 17:07:47.428  WARN 23076 --- [org.springframework.amqp.rabbit.RabbitListenerEndpointContainer#0-9] (system) o.s.a.r.l.SimpleMessageListenerContainer : Consumer raised exception, processing can restart if the connection factory supports it. Exception summary: org.springframework.amqp.AmqpConnectException: java.net.ConnectException: Connection refused: getsockopt
2025-03-18 17:07:47.428  INFO 23076 --- [org.springframework.amqp.rabbit.RabbitListenerEndpointContainer#0-9] (system) o.s.a.r.l.SimpleMessageListenerContainer : Restarting Consumer@6c13948: tags=[[]], channel=null, acknowledgeMode=AUTO local queue size=0
2025-03-18 17:07:47.430  INFO 23076 --- [org.springframework.amqp.rabbit.RabbitListenerEndpointContainer#0-10] (system) o.s.a.r.c.CachingConnectionFactory       : Attempting to connect to: [localhost:5672]
2025-03-18 17:07:47.431 ERROR 23076 --- [org.springframework.amqp.rabbit.RabbitListenerEndpointContainer#0-10] (system) o.s.a.r.l.SimpleMessageListenerContainer : Failed to check/redeclare auto-delete queue(s).
2025-03-18 17:07:47.431  INFO 23076 --- [org.springframework.amqp.rabbit.RabbitListenerEndpointContainer#0-10] (system) o.s.a.r.c.CachingConnectionFactory       : Attempting to connect to: [localhost:5672]
2025-03-18 17:07:52.539  WARN 23076 --- [org.springframework.amqp.rabbit.RabbitListenerEndpointContainer#0-10] (system) o.s.a.r.l.SimpleMessageListenerContainer : Consumer raised exception, processing can restart if the connection factory supports it. Exception summary: org.springframework.amqp.AmqpConnectException: java.net.ConnectException: Connection refused: getsockopt
2025-03-18 17:07:52.539  INFO 23076 --- [org.springframework.amqp.rabbit.RabbitListenerEndpointContainer#0-10] (system) o.s.a.r.l.SimpleMessageListenerContainer : Restarting Consumer@7f5e8777: tags=[[]], channel=null, acknowledgeMode=AUTO local queue size=0
2025-03-18 17:07:52.540  INFO 23076 --- [org.springframework.amqp.rabbit.RabbitListenerEndpointContainer#0-11] (system) o.s.a.r.c.CachingConnectionFactory       : Attempting to connect to: [localhost:5672]
2025-03-18 17:07:52.554 ERROR 23076 --- [org.springframework.amqp.rabbit.RabbitListenerEndpointContainer#0-11] (system) o.s.a.r.l.SimpleMessageListenerContainer : Failed to check/redeclare auto-delete queue(s).
2025-03-18 17:07:52.554  INFO 23076 --- [org.springframework.amqp.rabbit.RabbitListenerEndpointContainer#0-11] (system) o.s.a.r.c.CachingConnectionFactory       : Attempting to connect to: [localhost:5672]
2025-03-18 17:07:57.641  WARN 23076 --- [org.springframework.amqp.rabbit.RabbitListenerEndpointContainer#0-11] (system) o.s.a.r.l.SimpleMessageListenerContainer : Consumer raised exception, processing can restart if the connection factory supports it. Exception summary: org.springframework.amqp.AmqpConnectException: java.net.ConnectException: Connection refused: getsockopt
2025-03-18 17:07:57.641  INFO 23076 --- [org.springframework.amqp.rabbit.RabbitListenerEndpointContainer#0-11] (system) o.s.a.r.l.SimpleMessageListenerContainer : Restarting Consumer@30d21f95: tags=[[]], channel=null, acknowledgeMode=AUTO local queue size=0
2025-03-18 17:07:57.643  INFO 23076 --- [org.springframework.amqp.rabbit.RabbitListenerEndpointContainer#0-12] (system) o.s.a.r.c.CachingConnectionFactory       : Attempting to connect to: [localhost:5672]
2025-03-18 17:07:57.643 ERROR 23076 --- [org.springframework.amqp.rabbit.RabbitListenerEndpointContainer#0-12] (system) o.s.a.r.l.SimpleMessageListenerContainer : Failed to check/redeclare auto-delete queue(s).
2025-03-18 17:07:57.643  INFO 23076 --- [org.springframework.amqp.rabbit.RabbitListenerEndpointContainer#0-12] (system) o.s.a.r.c.CachingConnectionFactory       : Attempting to connect to: [localhost:5672]
2025-03-18 17:08:02.738  WARN 23076 --- [org.springframework.amqp.rabbit.RabbitListenerEndpointContainer#0-12] (system) o.s.a.r.l.SimpleMessageListenerContainer : Consumer raised exception, processing can restart if the connection factory supports it. Exception summary: org.springframework.amqp.AmqpConnectException: java.net.ConnectException: Connection refused: getsockopt
2025-03-18 17:08:02.738  INFO 23076 --- [org.springframework.amqp.rabbit.RabbitListenerEndpointContainer#0-12] (system) o.s.a.r.l.SimpleMessageListenerContainer : Restarting Consumer@65b40f4: tags=[[]], channel=null, acknowledgeMode=AUTO local queue size=0
2025-03-18 17:08:02.738  INFO 23076 --- [org.springframework.amqp.rabbit.RabbitListenerEndpointContainer#0-13] (system) o.s.a.r.c.CachingConnectionFactory       : Attempting to connect to: [localhost:5672]
2025-03-18 17:08:02.754 ERROR 23076 --- [org.springframework.amqp.rabbit.RabbitListenerEndpointContainer#0-13] (system) o.s.a.r.l.SimpleMessageListenerContainer : Failed to check/redeclare auto-delete queue(s).
2025-03-18 17:08:02.755  INFO 23076 --- [org.springframework.amqp.rabbit.RabbitListenerEndpointContainer#0-13] (system) o.s.a.r.c.CachingConnectionFactory       : Attempting to connect to: [localhost:5672]
2025-03-18 17:08:07.718  INFO 23076 --- [org.springframework.amqp.rabbit.RabbitListenerEndpointContainer#0-14] (system) o.s.a.r.l.SimpleMessageListenerContainer : Waiting for workers to finish.
2025-03-18 17:08:07.718  INFO 23076 --- [org.springframework.amqp.rabbit.RabbitListenerEndpointContainer#0-14] (system) o.s.a.r.l.SimpleMessageListenerContainer : Successfully waited for workers to finish.
